{"meta": {"format": 3, "version": "7.13.0", "timestamp": "2026-02-10T10:29:26.759472", "branch_coverage": false, "show_contexts": false}, "files": {"src/chiseai/__init__.py": {"executed_lines": [1], "summary": {"covered_lines": 0, "num_statements": 0, "percent_covered": 100.0, "percent_covered_display": "100", "missing_lines": 0, "excluded_lines": 0, "percent_statements_covered": 100.0, "percent_statements_covered_display": "100"}, "missing_lines": [], "excluded_lines": [], "functions": {"": {"executed_lines": [1], "summary": {"covered_lines": 0, "num_statements": 0, "percent_covered": 100.0, "percent_covered_display": "100", "missing_lines": 0, "excluded_lines": 0, "percent_statements_covered": 100.0, "percent_statements_covered_display": "100"}, "missing_lines": [], "excluded_lines": []}}, "classes": {"": {"executed_lines": [1], "summary": {"covered_lines": 0, "num_statements": 0, "percent_covered": 100.0, "percent_covered_display": "100", "missing_lines": 0, "excluded_lines": 0, "percent_statements_covered": 100.0, "percent_statements_covered_display": "100"}, "missing_lines": [], "excluded_lines": []}}}, "src/chiseai/risk.py": {"executed_lines": [1, 3, 6, 7, 8, 9, 12, 26, 27, 28, 29, 30, 31, 32, 33, 35, 36, 37, 39, 40, 41], "summary": {"covered_lines": 21, "num_statements": 21, "percent_covered": 100.0, "percent_covered_display": "100", "missing_lines": 0, "excluded_lines": 0, "percent_statements_covered": 100.0, "percent_statements_covered_display": "100"}, "missing_lines": [], "excluded_lines": [], "functions": {"size_notional_for_stop_loss": {"executed_lines": [26, 27, 28, 29, 30, 31, 32, 33, 35, 36, 37, 39, 40, 41], "summary": {"covered_lines": 14, "num_statements": 14, "percent_covered": 100.0, "percent_covered_display": "100", "missing_lines": 0, "excluded_lines": 0, "percent_statements_covered": 100.0, "percent_statements_covered_display": "100"}, "missing_lines": [], "excluded_lines": []}, "": {"executed_lines": [1, 3, 6, 7, 8, 9, 12], "summary": {"covered_lines": 7, "num_statements": 7, "percent_covered": 100.0, "percent_covered_display": "100", "missing_lines": 0, "excluded_lines": 0, "percent_statements_covered": 100.0, "percent_statements_covered_display": "100"}, "missing_lines": [], "excluded_lines": []}}, "classes": {"RiskSizingResult": {"executed_lines": [], "summary": {"covered_lines": 0, "num_statements": 0, "percent_covered": 100.0, "percent_covered_display": "100", "missing_lines": 0, "excluded_lines": 0, "percent_statements_covered": 100.0, "percent_statements_covered_display": "100"}, "missing_lines": [], "excluded_lines": []}, "": {"executed_lines": [1, 3, 6, 7, 8, 9, 12, 26, 27, 28, 29, 30, 31, 32, 33, 35, 36, 37, 39, 40, 41], "summary": {"covered_lines": 21, "num_statements": 21, "percent_covered": 100.0, "percent_covered_display": "100", "missing_lines": 0, "excluded_lines": 0, "percent_statements_covered": 100.0, "percent_statements_covered_display": "100"}, "missing_lines": [], "excluded_lines": []}}}, "src/dashboard/__init__.py": {"executed_lines": [1, 7, 9, 15, 16, 17, 18, 19, 23, 34, 36], "summary": {"covered_lines": 10, "num_statements": 10, "percent_covered": 100.0, "percent_covered_display": "100", "missing_lines": 0, "excluded_lines": 0, "percent_statements_covered": 100.0, "percent_statements_covered_display": "100"}, "missing_lines": [], "excluded_lines": [], "functions": {"": {"executed_lines": [1, 7, 9, 15, 16, 17, 18, 19, 23, 34, 36], "summary": {"covered_lines": 10, "num_statements": 10, "percent_covered": 100.0, "percent_covered_display": "100", "missing_lines": 0, "excluded_lines": 0, "percent_statements_covered": 100.0, "percent_statements_covered_display": "100"}, "missing_lines": [], "excluded_lines": []}}, "classes": {"": {"executed_lines": [1, 7, 9, 15, 16, 17, 18, 19, 23, 34, 36], "summary": {"covered_lines": 10, "num_statements": 10, "percent_covered": 100.0, "percent_covered_display": "100", "missing_lines": 0, "excluded_lines": 0, "percent_statements_covered": 100.0, "percent_statements_covered_display": "100"}, "missing_lines": [], "excluded_lines": []}}}, "src/dashboard/historical_context.py": {"executed_lines": [1, 8, 10, 11, 13, 18, 19, 20, 36, 37, 38, 39, 40, 41, 42, 43, 44, 45, 46, 48, 50, 51, 52, 53, 55, 56, 58, 60, 61, 63, 64, 65, 67, 69, 88, 89, 90, 107, 108, 109, 110, 111, 112, 113, 114, 115, 116, 117, 118, 120, 122, 123, 125, 126, 128, 129, 130, 132, 133, 135, 137, 138, 140, 142, 143, 145, 147, 148, 157, 158, 159, 160, 161, 162, 164, 166, 167, 169, 171, 172, 174, 175, 176, 178, 179, 181, 183, 185, 211, 213, 218, 221, 223, 238, 239, 241, 242, 243, 245, 248, 249, 250, 259, 260, 261, 262, 264, 265, 267, 269, 270, 272, 273, 274, 276, 278, 291, 292, 307, 310, 313, 315, 326, 327, 329, 350, 351, 353, 356, 359, 361, 362, 365, 376, 379, 394, 396, 419, 421, 424, 432, 433, 436, 438, 439, 444, 445, 448, 451, 453, 463, 465, 480, 482, 489, 498, 499, 500, 502, 511, 512, 513, 514, 516, 540, 551, 552, 553, 554, 556, 569, 571, 573, 582, 584, 585, 594, 596, 598, 599, 602, 605, 606, 608, 617, 629, 630, 633, 636, 637, 638, 640, 641, 642, 644, 645, 647, 648, 649, 651, 653, 662], "summary": {"covered_lines": 196, "num_statements": 197, "percent_covered": 99.49238578680203, "percent_covered_display": "99", "missing_lines": 1, "excluded_lines": 3, "percent_statements_covered": 99.49238578680203, "percent_statements_covered_display": "99"}, "missing_lines": [449], "excluded_lines": [13, 14, 15], "functions": {"SimilarSignalSummary.__post_init__": {"executed_lines": [50, 51, 52, 53], "summary": {"covered_lines": 4, "num_statements": 4, "percent_covered": 100.0, "percent_covered_display": "100", "missing_lines": 0, "excluded_lines": 0, "percent_statements_covered": 100.0, "percent_statements_covered_display": "100"}, "missing_lines": [], "excluded_lines": []}, "SimilarSignalSummary.is_resolved": {"executed_lines": [58], "summary": {"covered_lines": 1, "num_statements": 1, "percent_covered": 100.0, "percent_covered_display": "100", "missing_lines": 0, "excluded_lines": 0, "percent_statements_covered": 100.0, "percent_statements_covered_display": "100"}, "missing_lines": [], "excluded_lines": []}, "SimilarSignalSummary.pnl_pct": {"executed_lines": [63, 64, 65], "summary": {"covered_lines": 3, "num_statements": 3, "percent_covered": 100.0, "percent_covered_display": "100", "missing_lines": 0, "excluded_lines": 0, "percent_statements_covered": 100.0, "percent_statements_covered_display": "100"}, "missing_lines": [], "excluded_lines": []}, "SimilarSignalSummary.to_dict": {"executed_lines": [69], "summary": {"covered_lines": 1, "num_statements": 1, "percent_covered": 100.0, "percent_covered_display": "100", "missing_lines": 0, "excluded_lines": 0, "percent_statements_covered": 100.0, "percent_statements_covered_display": "100"}, "missing_lines": [], "excluded_lines": []}, "HistoricalContext.__post_init__": {"executed_lines": [122, 123], "summary": {"covered_lines": 2, "num_statements": 2, "percent_covered": 100.0, "percent_covered_display": "100", "missing_lines": 0, "excluded_lines": 0, "percent_statements_covered": 100.0, "percent_statements_covered_display": "100"}, "missing_lines": [], "excluded_lines": []}, "HistoricalContext.win_count": {"executed_lines": [128, 129, 130], "summary": {"covered_lines": 3, "num_statements": 3, "percent_covered": 100.0, "percent_covered_display": "100", "missing_lines": 0, "excluded_lines": 0, "percent_statements_covered": 100.0, "percent_statements_covered_display": "100"}, "missing_lines": [], "excluded_lines": []}, "HistoricalContext.loss_count": {"executed_lines": [135], "summary": {"covered_lines": 1, "num_statements": 1, "percent_covered": 100.0, "percent_covered_display": "100", "missing_lines": 0, "excluded_lines": 0, "percent_statements_covered": 100.0, "percent_statements_covered_display": "100"}, "missing_lines": [], "excluded_lines": []}, "HistoricalContext.has_sufficient_data": {"executed_lines": [140], "summary": {"covered_lines": 1, "num_statements": 1, "percent_covered": 100.0, "percent_covered_display": "100", "missing_lines": 0, "excluded_lines": 0, "percent_statements_covered": 100.0, "percent_statements_covered_display": "100"}, "missing_lines": [], "excluded_lines": []}, "HistoricalContext.has_sufficient_resolved": {"executed_lines": [145], "summary": {"covered_lines": 1, "num_statements": 1, "percent_covered": 100.0, "percent_covered_display": "100", "missing_lines": 0, "excluded_lines": 0, "percent_statements_covered": 100.0, "percent_statements_covered_display": "100"}, "missing_lines": [], "excluded_lines": []}, "HistoricalContext.reliability_score": {"executed_lines": [157, 158, 159, 160, 161, 162, 164], "summary": {"covered_lines": 7, "num_statements": 7, "percent_covered": 100.0, "percent_covered_display": "100", "missing_lines": 0, "excluded_lines": 0, "percent_statements_covered": 100.0, "percent_statements_covered_display": "100"}, "missing_lines": [], "excluded_lines": []}, "HistoricalContext.win_rate_text": {"executed_lines": [169], "summary": {"covered_lines": 1, "num_statements": 1, "percent_covered": 100.0, "percent_covered_display": "100", "missing_lines": 0, "excluded_lines": 0, "percent_statements_covered": 100.0, "percent_statements_covered_display": "100"}, "missing_lines": [], "excluded_lines": []}, "HistoricalContext.avg_pnl_text": {"executed_lines": [174, 175, 176], "summary": {"covered_lines": 3, "num_statements": 3, "percent_covered": 100.0, "percent_covered_display": "100", "missing_lines": 0, "excluded_lines": 0, "percent_statements_covered": 100.0, "percent_statements_covered_display": "100"}, "missing_lines": [], "excluded_lines": []}, "HistoricalContext.max_drawdown_text": {"executed_lines": [181], "summary": {"covered_lines": 1, "num_statements": 1, "percent_covered": 100.0, "percent_covered_display": "100", "missing_lines": 0, "excluded_lines": 0, "percent_statements_covered": 100.0, "percent_statements_covered_display": "100"}, "missing_lines": [], "excluded_lines": []}, "HistoricalContext.to_dict": {"executed_lines": [185], "summary": {"covered_lines": 1, "num_statements": 1, "percent_covered": 100.0, "percent_covered_display": "100", "missing_lines": 0, "excluded_lines": 0, "percent_statements_covered": 100.0, "percent_statements_covered_display": "100"}, "missing_lines": [], "excluded_lines": []}, "HistoricalContext.to_discord_message": {"executed_lines": [213, 218, 221, 223, 238, 239, 241, 242, 243, 245], "summary": {"covered_lines": 10, "num_statements": 10, "percent_covered": 100.0, "percent_covered_display": "100", "missing_lines": 0, "excluded_lines": 0, "percent_statements_covered": 100.0, "percent_statements_covered_display": "100"}, "missing_lines": [], "excluded_lines": []}, "HistoricalContextResult.has_data": {"executed_lines": [267], "summary": {"covered_lines": 1, "num_statements": 1, "percent_covered": 100.0, "percent_covered_display": "100", "missing_lines": 0, "excluded_lines": 0, "percent_statements_covered": 100.0, "percent_statements_covered_display": "100"}, "missing_lines": [], "excluded_lines": []}, "HistoricalContextResult.best_context": {"executed_lines": [272, 273, 274], "summary": {"covered_lines": 3, "num_statements": 3, "percent_covered": 100.0, "percent_covered_display": "100", "missing_lines": 0, "excluded_lines": 0, "percent_statements_covered": 100.0, "percent_statements_covered_display": "100"}, "missing_lines": [], "excluded_lines": []}, "HistoricalContextResult.to_dict": {"executed_lines": [278], "summary": {"covered_lines": 1, "num_statements": 1, "percent_covered": 100.0, "percent_covered_display": "100", "missing_lines": 0, "excluded_lines": 0, "percent_statements_covered": 100.0, "percent_statements_covered_display": "100"}, "missing_lines": [], "excluded_lines": []}, "HistoricalContextBuilder.__init__": {"executed_lines": [326, 327], "summary": {"covered_lines": 2, "num_statements": 2, "percent_covered": 100.0, "percent_covered_display": "100", "missing_lines": 0, "excluded_lines": 0, "percent_statements_covered": 100.0, "percent_statements_covered_display": "100"}, "missing_lines": [], "excluded_lines": []}, "HistoricalContextBuilder.build": {"executed_lines": [350, 351, 353, 356, 359, 361, 362, 365, 376, 379, 394], "summary": {"covered_lines": 11, "num_statements": 11, "percent_covered": 100.0, "percent_covered_display": "100", "missing_lines": 0, "excluded_lines": 0, "percent_statements_covered": 100.0, "percent_statements_covered_display": "100"}, "missing_lines": [], "excluded_lines": []}, "HistoricalContextBuilder.build_with_fallback": {"executed_lines": [419, 421, 424, 432, 433, 436, 438, 439, 444, 445, 448, 451, 453, 463, 465, 480, 482], "summary": {"covered_lines": 17, "num_statements": 18, "percent_covered": 94.44444444444444, "percent_covered_display": "94", "missing_lines": 1, "excluded_lines": 0, "percent_statements_covered": 94.44444444444444, "percent_statements_covered_display": "94"}, "missing_lines": [449], "excluded_lines": []}, "HistoricalContextBuilder._calculate_confidence_range": {"executed_lines": [498, 499, 500], "summary": {"covered_lines": 3, "num_statements": 3, "percent_covered": 100.0, "percent_covered_display": "100", "missing_lines": 0, "excluded_lines": 0, "percent_statements_covered": 100.0, "percent_statements_covered_display": "100"}, "missing_lines": [], "excluded_lines": []}, "HistoricalContextBuilder._get_confidence_bucket": {"executed_lines": [511, 512, 513, 514], "summary": {"covered_lines": 4, "num_statements": 4, "percent_covered": 100.0, "percent_covered_display": "100", "missing_lines": 0, "excluded_lines": 0, "percent_statements_covered": 100.0, "percent_statements_covered_display": "100"}, "missing_lines": [], "excluded_lines": []}, "HistoricalContextBuilder._find_similar_signals": {"executed_lines": [540, 551, 552, 553, 554, 556, 569, 571], "summary": {"covered_lines": 8, "num_statements": 8, "percent_covered": 100.0, "percent_covered_display": "100", "missing_lines": 0, "excluded_lines": 0, "percent_statements_covered": 100.0, "percent_statements_covered_display": "100"}, "missing_lines": [], "excluded_lines": []}, "HistoricalContextBuilder._calculate_metrics": {"executed_lines": [582, 584, 585, 594, 596, 598, 599, 602, 605, 606, 608], "summary": {"covered_lines": 11, "num_statements": 11, "percent_covered": 100.0, "percent_covered_display": "100", "missing_lines": 0, "excluded_lines": 0, "percent_statements_covered": 100.0, "percent_statements_covered_display": "100"}, "missing_lines": [], "excluded_lines": []}, "HistoricalContextBuilder._calculate_max_drawdown": {"executed_lines": [629, 630, 633, 636, 637, 638, 640, 641, 642, 644, 645, 647, 648, 649, 651], "summary": {"covered_lines": 15, "num_statements": 15, "percent_covered": 100.0, "percent_covered_display": "100", "missing_lines": 0, "excluded_lines": 0, "percent_statements_covered": 100.0, "percent_statements_covered_display": "100"}, "missing_lines": [], "excluded_lines": []}, "HistoricalContextBuilder.with_tolerance": {"executed_lines": [662], "summary": {"covered_lines": 1, "num_statements": 1, "percent_covered": 100.0, "percent_covered_display": "100", "missing_lines": 0, "excluded_lines": 0, "percent_statements_covered": 100.0, "percent_statements_covered_display": "100"}, "missing_lines": [], "excluded_lines": []}, "": {"executed_lines": [1, 8, 10, 11, 13, 18, 19, 20, 36, 37, 38, 39, 40, 41, 42, 43, 44, 45, 46, 48, 55, 56, 60, 61, 67, 88, 89, 90, 107, 108, 109, 110, 111, 112, 113, 114, 115, 116, 117, 118, 120, 125, 126, 132, 133, 137, 138, 142, 143, 147, 148, 166, 167, 171, 172, 178, 179, 183, 211, 248, 249, 250, 259, 260, 261, 262, 264, 265, 269, 270, 276, 291, 292, 307, 310, 313, 315, 329, 396, 489, 502, 516, 573, 617, 653], "summary": {"covered_lines": 79, "num_statements": 79, "percent_covered": 100.0, "percent_covered_display": "100", "missing_lines": 0, "excluded_lines": 3, "percent_statements_covered": 100.0, "percent_statements_covered_display": "100"}, "missing_lines": [], "excluded_lines": [13, 14, 15]}}, "classes": {"SimilarSignalSummary": {"executed_lines": [50, 51, 52, 53, 58, 63, 64, 65, 69], "summary": {"covered_lines": 9, "num_statements": 9, "percent_covered": 100.0, "percent_covered_display": "100", "missing_lines": 0, "excluded_lines": 0, "percent_statements_covered": 100.0, "percent_statements_covered_display": "100"}, "missing_lines": [], "excluded_lines": []}, "HistoricalContext": {"executed_lines": [122, 123, 128, 129, 130, 135, 140, 145, 157, 158, 159, 160, 161, 162, 164, 169, 174, 175, 176, 181, 185, 213, 218, 221, 223, 238, 239, 241, 242, 243, 245], "summary": {"covered_lines": 31, "num_statements": 31, "percent_covered": 100.0, "percent_covered_display": "100", "missing_lines": 0, "excluded_lines": 0, "percent_statements_covered": 100.0, "percent_statements_covered_display": "100"}, "missing_lines": [], "excluded_lines": []}, "HistoricalContextResult": {"executed_lines": [267, 272, 273, 274, 278], "summary": {"covered_lines": 5, "num_statements": 5, "percent_covered": 100.0, "percent_covered_display": "100", "missing_lines": 0, "excluded_lines": 0, "percent_statements_covered": 100.0, "percent_statements_covered_display": "100"}, "missing_lines": [], "excluded_lines": []}, "HistoricalContextBuilder": {"executed_lines": [326, 327, 350, 351, 353, 356, 359, 361, 362, 365, 376, 379, 394, 419, 421, 424, 432, 433, 436, 438, 439, 444, 445, 448, 451, 453, 463, 465, 480, 482, 498, 499, 500, 511, 512, 513, 514, 540, 551, 552, 553, 554, 556, 569, 571, 582, 584, 585, 594, 596, 598, 599, 602, 605, 606, 608, 629, 630, 633, 636, 637, 638, 640, 641, 642, 644, 645, 647, 648, 649, 651, 662], "summary": {"covered_lines": 72, "num_statements": 73, "percent_covered": 98.63013698630137, "percent_covered_display": "99", "missing_lines": 1, "excluded_lines": 0, "percent_statements_covered": 98.63013698630137, "percent_statements_covered_display": "99"}, "missing_lines": [449], "excluded_lines": []}, "": {"executed_lines": [1, 8, 10, 11, 13, 18, 19, 20, 36, 37, 38, 39, 40, 41, 42, 43, 44, 45, 46, 48, 55, 56, 60, 61, 67, 88, 89, 90, 107, 108, 109, 110, 111, 112, 113, 114, 115, 116, 117, 118, 120, 125, 126, 132, 133, 137, 138, 142, 143, 147, 148, 166, 167, 171, 172, 178, 179, 183, 211, 248, 249, 250, 259, 260, 261, 262, 264, 265, 269, 270, 276, 291, 292, 307, 310, 313, 315, 329, 396, 489, 502, 516, 573, 617, 653], "summary": {"covered_lines": 79, "num_statements": 79, "percent_covered": 100.0, "percent_covered_display": "100", "missing_lines": 0, "excluded_lines": 3, "percent_statements_covered": 100.0, "percent_statements_covered_display": "100"}, "missing_lines": [], "excluded_lines": [13, 14, 15]}}}, "src/dashboard/key_levels.py": {"executed_lines": [1, 7, 9, 10, 11, 13, 17, 18, 20, 21, 22, 23, 26, 27, 28, 40, 41, 42, 43, 44, 45, 46, 48, 50, 51, 53, 55, 66, 67, 68, 81, 82, 83, 84, 85, 86, 87, 88, 90, 92, 110, 111, 120, 134, 135, 136, 138, 154, 156, 157, 158, 161, 162, 165, 166, 169, 170, 173, 176, 177, 178, 179, 181, 182, 183, 184, 185, 186, 187, 188, 190, 191, 194, 195, 196, 197, 200, 201, 205, 216, 230, 234, 236, 239, 251, 263, 274, 276, 290, 293, 294, 297, 299, 305, 307, 308, 310, 322, 328, 330, 331, 333, 344, 346, 355, 358, 359, 360, 361, 362, 363, 364, 367, 370, 372, 373, 374, 376, 377, 379, 390, 392, 406, 410, 412, 413, 415, 417, 418, 419, 421, 423, 424, 427, 432, 433, 435, 436, 438, 440, 441, 444, 446, 448, 462, 463, 464, 466, 468, 482, 483, 484, 486], "summary": {"covered_lines": 147, "num_statements": 151, "percent_covered": 97.35099337748345, "percent_covered_display": "97", "missing_lines": 4, "excluded_lines": 2, "percent_statements_covered": 97.35099337748345, "percent_statements_covered_display": "97"}, "missing_lines": [231, 291, 365, 407], "excluded_lines": [13, 14], "functions": {"KeyLevel.__post_init__": {"executed_lines": [50, 51], "summary": {"covered_lines": 2, "num_statements": 2, "percent_covered": 100.0, "percent_covered_display": "100", "missing_lines": 0, "excluded_lines": 0, "percent_statements_covered": 100.0, "percent_statements_covered_display": "100"}, "missing_lines": [], "excluded_lines": []}, "KeyLevel.to_dict": {"executed_lines": [55], "summary": {"covered_lines": 1, "num_statements": 1, "percent_covered": 100.0, "percent_covered_display": "100", "missing_lines": 0, "excluded_lines": 0, "percent_statements_covered": 100.0, "percent_statements_covered_display": "100"}, "missing_lines": [], "excluded_lines": []}, "KeyLevelsResult.to_dict": {"executed_lines": [92], "summary": {"covered_lines": 1, "num_statements": 1, "percent_covered": 100.0, "percent_covered_display": "100", "missing_lines": 0, "excluded_lines": 0, "percent_statements_covered": 100.0, "percent_statements_covered_display": "100"}, "missing_lines": [], "excluded_lines": []}, "KeyLevelsAnalyzer.__init__": {"executed_lines": [134, 135, 136], "summary": {"covered_lines": 3, "num_statements": 3, "percent_covered": 100.0, "percent_covered_display": "100", "missing_lines": 0, "excluded_lines": 0, "percent_statements_covered": 100.0, "percent_statements_covered_display": "100"}, "missing_lines": [], "excluded_lines": []}, "KeyLevelsAnalyzer.analyze": {"executed_lines": [154, 156, 157, 158, 161, 162, 165, 166, 169, 170, 173, 176, 177, 178, 179, 181, 182, 183, 184, 185, 186, 187, 188, 190, 191, 194, 195, 196, 197, 200, 201, 205], "summary": {"covered_lines": 32, "num_statements": 32, "percent_covered": 100.0, "percent_covered_display": "100", "missing_lines": 0, "excluded_lines": 0, "percent_statements_covered": 100.0, "percent_statements_covered_display": "100"}, "missing_lines": [], "excluded_lines": []}, "KeyLevelsAnalyzer._find_pivot_levels": {"executed_lines": [230, 234, 236, 239, 251, 263, 274], "summary": {"covered_lines": 7, "num_statements": 8, "percent_covered": 87.5, "percent_covered_display": "88", "missing_lines": 1, "excluded_lines": 0, "percent_statements_covered": 87.5, "percent_statements_covered_display": "88"}, "missing_lines": [231], "excluded_lines": []}, "KeyLevelsAnalyzer._find_swing_levels": {"executed_lines": [290, 293, 294, 297, 299, 305, 307, 308, 310, 322, 328, 330, 331, 333, 344], "summary": {"covered_lines": 15, "num_statements": 16, "percent_covered": 93.75, "percent_covered_display": "94", "missing_lines": 1, "excluded_lines": 0, "percent_statements_covered": 93.75, "percent_statements_covered_display": "94"}, "missing_lines": [291], "excluded_lines": []}, "KeyLevelsAnalyzer._find_round_numbers": {"executed_lines": [355, 358, 359, 360, 361, 362, 363, 364, 367, 370, 372, 373, 374, 376, 377, 379, 390], "summary": {"covered_lines": 17, "num_statements": 18, "percent_covered": 94.44444444444444, "percent_covered_display": "94", "missing_lines": 1, "excluded_lines": 0, "percent_statements_covered": 94.44444444444444, "percent_statements_covered_display": "94"}, "missing_lines": [365], "excluded_lines": []}, "KeyLevelsAnalyzer._merge_levels": {"executed_lines": [406, 410, 412, 413, 415, 417, 418, 419, 421, 423, 424, 427, 432, 433, 435, 436, 438, 440, 441, 444, 446], "summary": {"covered_lines": 21, "num_statements": 22, "percent_covered": 95.45454545454545, "percent_covered_display": "95", "missing_lines": 1, "excluded_lines": 0, "percent_statements_covered": 95.45454545454545, "percent_statements_covered_display": "95"}, "missing_lines": [407], "excluded_lines": []}, "KeyLevelsAnalyzer._find_nearest_support": {"executed_lines": [462, 463, 464, 466], "summary": {"covered_lines": 4, "num_statements": 4, "percent_covered": 100.0, "percent_covered_display": "100", "missing_lines": 0, "excluded_lines": 0, "percent_statements_covered": 100.0, "percent_statements_covered_display": "100"}, "missing_lines": [], "excluded_lines": []}, "KeyLevelsAnalyzer._find_nearest_resistance": {"executed_lines": [482, 483, 484, 486], "summary": {"covered_lines": 4, "num_statements": 4, "percent_covered": 100.0, "percent_covered_display": "100", "missing_lines": 0, "excluded_lines": 0, "percent_statements_covered": 100.0, "percent_statements_covered_display": "100"}, "missing_lines": [], "excluded_lines": []}, "": {"executed_lines": [1, 7, 9, 10, 11, 13, 17, 18, 20, 21, 22, 23, 26, 27, 28, 40, 41, 42, 43, 44, 45, 46, 48, 53, 66, 67, 68, 81, 82, 83, 84, 85, 86, 87, 88, 90, 110, 111, 120, 138, 216, 276, 346, 392, 448, 468], "summary": {"covered_lines": 40, "num_statements": 40, "percent_covered": 100.0, "percent_covered_display": "100", "missing_lines": 0, "excluded_lines": 2, "percent_statements_covered": 100.0, "percent_statements_covered_display": "100"}, "missing_lines": [], "excluded_lines": [13, 14]}}, "classes": {"LevelType": {"executed_lines": [], "summary": {"covered_lines": 0, "num_statements": 0, "percent_covered": 100.0, "percent_covered_display": "100", "missing_lines": 0, "excluded_lines": 0, "percent_statements_covered": 100.0, "percent_statements_covered_display": "100"}, "missing_lines": [], "excluded_lines": []}, "KeyLevel": {"executed_lines": [50, 51, 55], "summary": {"covered_lines": 3, "num_statements": 3, "percent_covered": 100.0, "percent_covered_display": "100", "missing_lines": 0, "excluded_lines": 0, "percent_statements_covered": 100.0, "percent_statements_covered_display": "100"}, "missing_lines": [], "excluded_lines": []}, "KeyLevelsResult": {"executed_lines": [92], "summary": {"covered_lines": 1, "num_statements": 1, "percent_covered": 100.0, "percent_covered_display": "100", "missing_lines": 0, "excluded_lines": 0, "percent_statements_covered": 100.0, "percent_statements_covered_display": "100"}, "missing_lines": [], "excluded_lines": []}, "KeyLevelsAnalyzer": {"executed_lines": [134, 135, 136, 154, 156, 157, 158, 161, 162, 165, 166, 169, 170, 173, 176, 177, 178, 179, 181, 182, 183, 184, 185, 186, 187, 188, 190, 191, 194, 195, 196, 197, 200, 201, 205, 230, 234, 236, 239, 251, 263, 274, 290, 293, 294, 297, 299, 305, 307, 308, 310, 322, 328, 330, 331, 333, 344, 355, 358, 359, 360, 361, 362, 363, 364, 367, 370, 372, 373, 374, 376, 377, 379, 390, 406, 410, 412, 413, 415, 417, 418, 419, 421, 423, 424, 427, 432, 433, 435, 436, 438, 440, 441, 444, 446, 462, 463, 464, 466, 482, 483, 484, 486], "summary": {"covered_lines": 103, "num_statements": 107, "percent_covered": 96.26168224299066, "percent_covered_display": "96", "missing_lines": 4, "excluded_lines": 0, "percent_statements_covered": 96.26168224299066, "percent_statements_covered_display": "96"}, "missing_lines": [231, 291, 365, 407], "excluded_lines": []}, "": {"executed_lines": [1, 7, 9, 10, 11, 13, 17, 18, 20, 21, 22, 23, 26, 27, 28, 40, 41, 42, 43, 44, 45, 46, 48, 53, 66, 67, 68, 81, 82, 83, 84, 85, 86, 87, 88, 90, 110, 111, 120, 138, 216, 276, 346, 392, 448, 468], "summary": {"covered_lines": 40, "num_statements": 40, "percent_covered": 100.0, "percent_covered_display": "100", "missing_lines": 0, "excluded_lines": 2, "percent_statements_covered": 100.0, "percent_statements_covered_display": "100"}, "missing_lines": [], "excluded_lines": [13, 14]}}}, "src/dashboard/market_summary.py": {"executed_lines": [1, 7, 9, 10, 11, 13, 15, 19, 20, 21, 36, 37, 38, 39, 40, 41, 42, 43, 44, 45, 47, 49, 63, 64, 65, 79, 80, 81, 82, 83, 84, 85, 86, 87, 89, 91, 104, 105, 114, 120, 122, 134, 135, 137, 138, 141, 142, 143, 146, 151, 154, 155, 156, 157, 159, 162, 167, 172, 178, 190, 204, 208, 211, 214, 217, 218, 219, 222, 223, 226, 229, 230, 231, 240, 241, 242, 243, 246, 247, 249, 262, 271, 274, 275, 276, 277, 278, 280, 281, 282, 284, 286, 288, 302, 303, 305, 306, 309, 310, 311, 314, 316, 326, 329, 335], "summary": {"covered_lines": 100, "num_statements": 105, "percent_covered": 95.23809523809524, "percent_covered_display": "95", "missing_lines": 5, "excluded_lines": 2, "percent_statements_covered": 95.23809523809524, "percent_statements_covered_display": "95"}, "missing_lines": [139, 205, 237, 272, 307], "excluded_lines": [15, 16], "functions": {"TokenMetrics.to_dict": {"executed_lines": [49], "summary": {"covered_lines": 1, "num_statements": 1, "percent_covered": 100.0, "percent_covered_display": "100", "missing_lines": 0, "excluded_lines": 0, "percent_statements_covered": 100.0, "percent_statements_covered_display": "100"}, "missing_lines": [], "excluded_lines": []}, "MarketSummary.to_dict": {"executed_lines": [91], "summary": {"covered_lines": 1, "num_statements": 1, "percent_covered": 100.0, "percent_covered_display": "100", "missing_lines": 0, "excluded_lines": 0, "percent_statements_covered": 100.0, "percent_statements_covered_display": "100"}, "missing_lines": [], "excluded_lines": []}, "MarketSummaryCalculator.__init__": {"executed_lines": [120], "summary": {"covered_lines": 1, "num_statements": 1, "percent_covered": 100.0, "percent_covered_display": "100", "missing_lines": 0, "excluded_lines": 0, "percent_statements_covered": 100.0, "percent_statements_covered_display": "100"}, "missing_lines": [], "excluded_lines": []}, "MarketSummaryCalculator.calculate_summary": {"executed_lines": [134, 135, 137, 138, 141, 142, 143, 146, 151, 154, 155, 156, 157, 159, 162, 167, 172, 178], "summary": {"covered_lines": 18, "num_statements": 19, "percent_covered": 94.73684210526316, "percent_covered_display": "95", "missing_lines": 1, "excluded_lines": 0, "percent_statements_covered": 94.73684210526316, "percent_statements_covered_display": "95"}, "missing_lines": [139], "excluded_lines": []}, "MarketSummaryCalculator._calculate_token_metrics": {"executed_lines": [204, 208, 211, 214, 217, 218, 219, 222, 223, 226, 229, 230, 231, 240, 241, 242, 243, 246, 247, 249], "summary": {"covered_lines": 20, "num_statements": 22, "percent_covered": 90.9090909090909, "percent_covered_display": "91", "missing_lines": 2, "excluded_lines": 0, "percent_statements_covered": 90.9090909090909, "percent_statements_covered_display": "91"}, "missing_lines": [205, 237], "excluded_lines": []}, "MarketSummaryCalculator._calculate_atr": {"executed_lines": [271, 274, 275, 276, 277, 278, 280, 281, 282, 284, 286], "summary": {"covered_lines": 11, "num_statements": 12, "percent_covered": 91.66666666666667, "percent_covered_display": "92", "missing_lines": 1, "excluded_lines": 0, "percent_statements_covered": 91.66666666666667, "percent_statements_covered_display": "92"}, "missing_lines": [272], "excluded_lines": []}, "MarketSummaryCalculator.calculate_overnight_summary": {"executed_lines": [302, 303, 305, 306, 309, 310, 311, 314, 316, 326, 329, 335], "summary": {"covered_lines": 12, "num_statements": 13, "percent_covered": 92.3076923076923, "percent_covered_display": "92", "missing_lines": 1, "excluded_lines": 0, "percent_statements_covered": 92.3076923076923, "percent_statements_covered_display": "92"}, "missing_lines": [307], "excluded_lines": []}, "": {"executed_lines": [1, 7, 9, 10, 11, 13, 15, 19, 20, 21, 36, 37, 38, 39, 40, 41, 42, 43, 44, 45, 47, 63, 64, 65, 79, 80, 81, 82, 83, 84, 85, 86, 87, 89, 104, 105, 114, 122, 190, 262, 288], "summary": {"covered_lines": 36, "num_statements": 36, "percent_covered": 100.0, "percent_covered_display": "100", "missing_lines": 0, "excluded_lines": 2, "percent_statements_covered": 100.0, "percent_statements_covered_display": "100"}, "missing_lines": [], "excluded_lines": [15, 16]}}, "classes": {"TokenMetrics": {"executed_lines": [49], "summary": {"covered_lines": 1, "num_statements": 1, "percent_covered": 100.0, "percent_covered_display": "100", "missing_lines": 0, "excluded_lines": 0, "percent_statements_covered": 100.0, "percent_statements_covered_display": "100"}, "missing_lines": [], "excluded_lines": []}, "MarketSummary": {"executed_lines": [91], "summary": {"covered_lines": 1, "num_statements": 1, "percent_covered": 100.0, "percent_covered_display": "100", "missing_lines": 0, "excluded_lines": 0, "percent_statements_covered": 100.0, "percent_statements_covered_display": "100"}, "missing_lines": [], "excluded_lines": []}, "MarketSummaryCalculator": {"executed_lines": [120, 134, 135, 137, 138, 141, 142, 143, 146, 151, 154, 155, 156, 157, 159, 162, 167, 172, 178, 204, 208, 211, 214, 217, 218, 219, 222, 223, 226, 229, 230, 231, 240, 241, 242, 243, 246, 247, 249, 271, 274, 275, 276, 277, 278, 280, 281, 282, 284, 286, 302, 303, 305, 306, 309, 310, 311, 314, 316, 326, 329, 335], "summary": {"covered_lines": 62, "num_statements": 67, "percent_covered": 92.53731343283582, "percent_covered_display": "93", "missing_lines": 5, "excluded_lines": 0, "percent_statements_covered": 92.53731343283582, "percent_statements_covered_display": "93"}, "missing_lines": [139, 205, 237, 272, 307], "excluded_lines": []}, "": {"executed_lines": [1, 7, 9, 10, 11, 13, 15, 19, 20, 21, 36, 37, 38, 39, 40, 41, 42, 43, 44, 45, 47, 63, 64, 65, 79, 80, 81, 82, 83, 84, 85, 86, 87, 89, 104, 105, 114, 122, 190, 262, 288], "summary": {"covered_lines": 36, "num_statements": 36, "percent_covered": 100.0, "percent_covered_display": "100", "missing_lines": 0, "excluded_lines": 2, "percent_statements_covered": 100.0, "percent_statements_covered_display": "100"}, "missing_lines": [], "excluded_lines": [15, 16]}}}, "src/dashboard/pre_market_briefing.py": {"executed_lines": [1, 7, 9, 10, 11, 12, 14, 23, 24, 25, 39, 40, 41, 42, 43, 44, 45, 46, 47, 49, 51, 73, 74, 76, 78, 80, 89, 90, 91, 93, 110, 112, 115, 120, 128, 129, 130, 131, 132, 137, 140, 141, 152, 163, 164, 167, 168, 169, 170, 172, 173, 174, 175, 178, 179, 181, 197, 200, 201, 203, 206, 207, 209, 210, 211, 214, 217, 222, 223, 224, 225, 226, 227, 230, 231, 233, 234, 235, 238, 239, 240, 243, 251, 254, 256, 269, 270, 272, 274, 276, 277, 279, 280, 282, 295, 296, 297, 300, 318, 330, 331, 332, 333, 334, 336, 337, 338, 339, 340, 343, 344, 345, 346, 347, 348, 351, 352, 353, 354, 355, 358, 361, 362, 363, 365, 366, 369, 372, 374, 376, 378, 379, 381, 387, 388, 394, 395, 397], "summary": {"covered_lines": 134, "num_statements": 143, "percent_covered": 93.7062937062937, "percent_covered_display": "94", "missing_lines": 9, "excluded_lines": 7, "percent_statements_covered": 93.7062937062937, "percent_statements_covered_display": "94"}, "missing_lines": [77, 116, 117, 121, 122, 123, 124, 125, 298], "excluded_lines": [14, 15, 16, 17, 18, 19, 20], "functions": {"PreMarketBriefing.to_dict": {"executed_lines": [51], "summary": {"covered_lines": 1, "num_statements": 1, "percent_covered": 100.0, "percent_covered_display": "100", "missing_lines": 0, "excluded_lines": 0, "percent_statements_covered": 100.0, "percent_statements_covered_display": "100"}, "missing_lines": [], "excluded_lines": []}, "PreMarketBriefing.is_fresh": {"executed_lines": [76, 78], "summary": {"covered_lines": 2, "num_statements": 3, "percent_covered": 66.66666666666667, "percent_covered_display": "67", "missing_lines": 1, "excluded_lines": 0, "percent_statements_covered": 66.66666666666667, "percent_statements_covered_display": "67"}, "missing_lines": [77], "excluded_lines": []}, "PreMarketBriefing.get_token_briefing": {"executed_lines": [89, 90, 91, 93], "summary": {"covered_lines": 4, "num_statements": 4, "percent_covered": 100.0, "percent_covered_display": "100", "missing_lines": 0, "excluded_lines": 0, "percent_statements_covered": 100.0, "percent_statements_covered_display": "100"}, "missing_lines": [], "excluded_lines": []}, "PreMarketBriefing._generate_token_text": {"executed_lines": [112, 115, 120, 128, 129, 130, 131, 132, 137], "summary": {"covered_lines": 9, "num_statements": 16, "percent_covered": 56.25, "percent_covered_display": "56", "missing_lines": 7, "excluded_lines": 0, "percent_statements_covered": 56.25, "percent_statements_covered_display": "56"}, "missing_lines": [116, 117, 121, 122, 123, 124, 125], "excluded_lines": []}, "PreMarketBriefingGenerator.__init__": {"executed_lines": [163, 164, 167, 168, 169, 170, 172, 173, 174, 175, 178, 179], "summary": {"covered_lines": 12, "num_statements": 12, "percent_covered": 100.0, "percent_covered_display": "100", "missing_lines": 0, "excluded_lines": 0, "percent_statements_covered": 100.0, "percent_statements_covered_display": "100"}, "missing_lines": [], "excluded_lines": []}, "PreMarketBriefingGenerator.generate": {"executed_lines": [197, 200, 201, 203, 206, 207, 209, 210, 211, 214, 217, 222, 223, 224, 225, 226, 227, 230, 231, 233, 234, 235, 238, 239, 240, 243, 251, 254, 256, 269, 270, 272], "summary": {"covered_lines": 32, "num_statements": 32, "percent_covered": 100.0, "percent_covered_display": "100", "missing_lines": 0, "excluded_lines": 0, "percent_statements_covered": 100.0, "percent_statements_covered_display": "100"}, "missing_lines": [], "excluded_lines": []}, "PreMarketBriefingGenerator._is_cache_valid": {"executed_lines": [276, 277, 279, 280], "summary": {"covered_lines": 4, "num_statements": 4, "percent_covered": 100.0, "percent_covered_display": "100", "missing_lines": 0, "excluded_lines": 0, "percent_statements_covered": 100.0, "percent_statements_covered_display": "100"}, "missing_lines": [], "excluded_lines": []}, "PreMarketBriefingGenerator._get_current_price": {"executed_lines": [295, 296, 297], "summary": {"covered_lines": 3, "num_statements": 4, "percent_covered": 75.0, "percent_covered_display": "75", "missing_lines": 1, "excluded_lines": 0, "percent_statements_covered": 75.0, "percent_statements_covered_display": "75"}, "missing_lines": [298], "excluded_lines": []}, "PreMarketBriefingGenerator._generate_briefing_text": {"executed_lines": [318, 330, 331, 332, 333, 334, 336, 337, 338, 339, 340, 343, 344, 345, 346, 347, 348, 351, 352, 353, 354, 355, 358, 361, 362, 363, 365, 366, 369, 372, 374], "summary": {"covered_lines": 31, "num_statements": 31, "percent_covered": 100.0, "percent_covered_display": "100", "missing_lines": 0, "excluded_lines": 0, "percent_statements_covered": 100.0, "percent_statements_covered_display": "100"}, "missing_lines": [], "excluded_lines": []}, "PreMarketBriefingGenerator.invalidate_cache": {"executed_lines": [378, 379], "summary": {"covered_lines": 2, "num_statements": 2, "percent_covered": 100.0, "percent_covered_display": "100", "missing_lines": 0, "excluded_lines": 0, "percent_statements_covered": 100.0, "percent_statements_covered_display": "100"}, "missing_lines": [], "excluded_lines": []}, "PreMarketBriefingGenerator.get_cache_status": {"executed_lines": [387, 388, 394, 395, 397], "summary": {"covered_lines": 5, "num_statements": 5, "percent_covered": 100.0, "percent_covered_display": "100", "missing_lines": 0, "excluded_lines": 0, "percent_statements_covered": 100.0, "percent_statements_covered_display": "100"}, "missing_lines": [], "excluded_lines": []}, "": {"executed_lines": [1, 7, 9, 10, 11, 12, 14, 23, 24, 25, 39, 40, 41, 42, 43, 44, 45, 46, 47, 49, 73, 74, 80, 110, 140, 141, 152, 181, 274, 282, 300, 376, 381], "summary": {"covered_lines": 29, "num_statements": 29, "percent_covered": 100.0, "percent_covered_display": "100", "missing_lines": 0, "excluded_lines": 7, "percent_statements_covered": 100.0, "percent_statements_covered_display": "100"}, "missing_lines": [], "excluded_lines": [14, 15, 16, 17, 18, 19, 20]}}, "classes": {"PreMarketBriefing": {"executed_lines": [51, 76, 78, 89, 90, 91, 93, 112, 115, 120, 128, 129, 130, 131, 132, 137], "summary": {"covered_lines": 16, "num_statements": 24, "percent_covered": 66.66666666666667, "percent_covered_display": "67", "missing_lines": 8, "excluded_lines": 0, "percent_statements_covered": 66.66666666666667, "percent_statements_covered_display": "67"}, "missing_lines": [77, 116, 117, 121, 122, 123, 124, 125], "excluded_lines": []}, "PreMarketBriefingGenerator": {"executed_lines": [163, 164, 167, 168, 169, 170, 172, 173, 174, 175, 178, 179, 197, 200, 201, 203, 206, 207, 209, 210, 211, 214, 217, 222, 223, 224, 225, 226, 227, 230, 231, 233, 234, 235, 238, 239, 240, 243, 251, 254, 256, 269, 270, 272, 276, 277, 279, 280, 295, 296, 297, 318, 330, 331, 332, 333, 334, 336, 337, 338, 339, 340, 343, 344, 345, 346, 347, 348, 351, 352, 353, 354, 355, 358, 361, 362, 363, 365, 366, 369, 372, 374, 378, 379, 387, 388, 394, 395, 397], "summary": {"covered_lines": 89, "num_statements": 90, "percent_covered": 98.88888888888889, "percent_covered_display": "99", "missing_lines": 1, "excluded_lines": 0, "percent_statements_covered": 98.88888888888889, "percent_statements_covered_display": "99"}, "missing_lines": [298], "excluded_lines": []}, "": {"executed_lines": [1, 7, 9, 10, 11, 12, 14, 23, 24, 25, 39, 40, 41, 42, 43, 44, 45, 46, 47, 49, 73, 74, 80, 110, 140, 141, 152, 181, 274, 282, 300, 376, 381], "summary": {"covered_lines": 29, "num_statements": 29, "percent_covered": 100.0, "percent_covered_display": "100", "missing_lines": 0, "excluded_lines": 7, "percent_statements_covered": 100.0, "percent_statements_covered_display": "100"}, "missing_lines": [], "excluded_lines": [14, 15, 16, 17, 18, 19, 20]}}}, "src/dashboard/regime_detector.py": {"executed_lines": [1, 8, 10, 11, 12, 14, 16, 20, 21, 23, 24, 25, 26, 27, 30, 31, 32, 45, 46, 47, 48, 49, 50, 51, 52, 54, 56, 57, 59, 60, 62, 64, 65, 67, 69, 70, 72, 73, 74, 75, 76, 78, 80, 95, 96, 97, 107, 108, 109, 110, 111, 113, 121, 122, 123, 125, 126, 127, 130, 131, 136, 137, 139, 142, 143, 144, 145, 147, 148, 151, 152, 162, 177, 178, 179, 180, 182, 184, 198, 199, 207, 210, 213, 216, 219, 222, 225, 228, 231, 235, 246, 255, 259, 260, 261, 262, 263, 265, 266, 269, 270, 272, 273, 274, 276, 277, 279, 280, 283, 286, 289, 293, 297, 298, 301, 308, 310, 320, 323, 327, 330, 333, 335, 344, 347, 349, 353, 354, 356, 358, 373, 374, 375, 376, 377, 378, 380, 384, 385, 386, 387, 388, 390, 399, 400, 402, 403, 406, 408, 423, 424, 432, 434, 435, 436, 437, 441, 443, 448, 465, 467, 468, 470, 476, 479, 481, 487, 488, 491, 492, 493, 496, 504, 513, 531, 539, 541, 542, 544, 545, 547, 549, 551], "summary": {"covered_lines": 177, "num_statements": 197, "percent_covered": 89.84771573604061, "percent_covered_display": "90", "missing_lines": 20, "excluded_lines": 2, "percent_statements_covered": 89.84771573604061, "percent_statements_covered_display": "90"}, "missing_lines": [132, 133, 134, 140, 256, 294, 321, 324, 331, 345, 350, 382, 430, 440, 446, 473, 477, 505, 509, 511], "excluded_lines": [16, 17], "functions": {"MarketRegime.__post_init__": {"executed_lines": [56, 57], "summary": {"covered_lines": 2, "num_statements": 2, "percent_covered": 100.0, "percent_covered_display": "100", "missing_lines": 0, "excluded_lines": 0, "percent_statements_covered": 100.0, "percent_statements_covered_display": "100"}, "missing_lines": [], "excluded_lines": []}, "MarketRegime.is_trending": {"executed_lines": [62], "summary": {"covered_lines": 1, "num_statements": 1, "percent_covered": 100.0, "percent_covered_display": "100", "missing_lines": 0, "excluded_lines": 0, "percent_statements_covered": 100.0, "percent_statements_covered_display": "100"}, "missing_lines": [], "excluded_lines": []}, "MarketRegime.is_ranging": {"executed_lines": [67], "summary": {"covered_lines": 1, "num_statements": 1, "percent_covered": 100.0, "percent_covered_display": "100", "missing_lines": 0, "excluded_lines": 0, "percent_statements_covered": 100.0, "percent_statements_covered_display": "100"}, "missing_lines": [], "excluded_lines": []}, "MarketRegime.direction": {"executed_lines": [72, 73, 74, 75, 76], "summary": {"covered_lines": 5, "num_statements": 5, "percent_covered": 100.0, "percent_covered_display": "100", "missing_lines": 0, "excluded_lines": 0, "percent_statements_covered": 100.0, "percent_statements_covered_display": "100"}, "missing_lines": [], "excluded_lines": []}, "MarketRegime.to_dict": {"executed_lines": [80], "summary": {"covered_lines": 1, "num_statements": 1, "percent_covered": 100.0, "percent_covered_display": "100", "missing_lines": 0, "excluded_lines": 0, "percent_statements_covered": 100.0, "percent_statements_covered_display": "100"}, "missing_lines": [], "excluded_lines": []}, "RegimeState.update": {"executed_lines": [121, 122, 123, 125, 126, 127, 130, 131], "summary": {"covered_lines": 8, "num_statements": 11, "percent_covered": 72.72727272727273, "percent_covered_display": "73", "missing_lines": 3, "excluded_lines": 0, "percent_statements_covered": 72.72727272727273, "percent_statements_covered_display": "73"}, "missing_lines": [132, 133, 134], "excluded_lines": []}, "RegimeState.regime_duration": {"executed_lines": [139, 142, 143, 144, 145, 147, 148], "summary": {"covered_lines": 7, "num_statements": 8, "percent_covered": 87.5, "percent_covered_display": "88", "missing_lines": 1, "excluded_lines": 0, "percent_statements_covered": 87.5, "percent_statements_covered_display": "88"}, "missing_lines": [140], "excluded_lines": []}, "RegimeDetector.__init__": {"executed_lines": [177, 178, 179, 180, 182], "summary": {"covered_lines": 5, "num_statements": 5, "percent_covered": 100.0, "percent_covered_display": "100", "missing_lines": 0, "excluded_lines": 0, "percent_statements_covered": 100.0, "percent_statements_covered_display": "100"}, "missing_lines": [], "excluded_lines": []}, "RegimeDetector.detect": {"executed_lines": [198, 199, 207, 210, 213, 216, 219, 222, 225, 228, 231, 235], "summary": {"covered_lines": 12, "num_statements": 12, "percent_covered": 100.0, "percent_covered_display": "100", "missing_lines": 0, "excluded_lines": 0, "percent_statements_covered": 100.0, "percent_statements_covered_display": "100"}, "missing_lines": [], "excluded_lines": []}, "RegimeDetector._calculate_adx": {"executed_lines": [255, 259, 260, 261, 262, 263, 265, 266, 269, 270, 272, 273, 274, 276, 277, 279, 280, 283, 286, 289, 293, 297, 298, 301, 308], "summary": {"covered_lines": 25, "num_statements": 27, "percent_covered": 92.5925925925926, "percent_covered_display": "93", "missing_lines": 2, "excluded_lines": 0, "percent_statements_covered": 92.5925925925926, "percent_statements_covered_display": "93"}, "missing_lines": [256, 294], "excluded_lines": []}, "RegimeDetector._wilder_smooth": {"executed_lines": [320, 323, 327, 330, 333], "summary": {"covered_lines": 5, "num_statements": 8, "percent_covered": 62.5, "percent_covered_display": "62", "missing_lines": 3, "excluded_lines": 0, "percent_statements_covered": 62.5, "percent_statements_covered_display": "62"}, "missing_lines": [321, 324, 331], "excluded_lines": []}, "RegimeDetector._calculate_volatility": {"executed_lines": [344, 347, 349, 353, 354, 356], "summary": {"covered_lines": 6, "num_statements": 8, "percent_covered": 75.0, "percent_covered_display": "75", "missing_lines": 2, "excluded_lines": 0, "percent_statements_covered": 75.0, "percent_statements_covered_display": "75"}, "missing_lines": [345, 350], "excluded_lines": []}, "RegimeDetector._classify_volatility": {"executed_lines": [373, 374, 375, 376, 377, 378, 380, 384, 385, 386, 387, 388], "summary": {"covered_lines": 12, "num_statements": 13, "percent_covered": 92.3076923076923, "percent_covered_display": "92", "missing_lines": 1, "excluded_lines": 0, "percent_statements_covered": 92.3076923076923, "percent_statements_covered_display": "92"}, "missing_lines": [382], "excluded_lines": []}, "RegimeDetector._check_volume_confirmation": {"executed_lines": [399, 400, 402, 403, 406], "summary": {"covered_lines": 5, "num_statements": 5, "percent_covered": 100.0, "percent_covered_display": "100", "missing_lines": 0, "excluded_lines": 0, "percent_statements_covered": 100.0, "percent_statements_covered_display": "100"}, "missing_lines": [], "excluded_lines": []}, "RegimeDetector._determine_regime": {"executed_lines": [423, 424, 432, 434, 435, 436, 437, 441, 443], "summary": {"covered_lines": 9, "num_statements": 12, "percent_covered": 75.0, "percent_covered_display": "75", "missing_lines": 3, "excluded_lines": 0, "percent_statements_covered": 75.0, "percent_statements_covered_display": "75"}, "missing_lines": [430, 440, 446], "excluded_lines": []}, "RegimeDetector._calculate_confidence": {"executed_lines": [465, 467, 468, 470, 476, 479], "summary": {"covered_lines": 6, "num_statements": 8, "percent_covered": 75.0, "percent_covered_display": "75", "missing_lines": 2, "excluded_lines": 0, "percent_statements_covered": 75.0, "percent_statements_covered_display": "75"}, "missing_lines": [473, 477], "excluded_lines": []}, "RegimeDetector._calculate_transition_probability": {"executed_lines": [487, 488, 491, 492, 493, 496, 504], "summary": {"covered_lines": 7, "num_statements": 10, "percent_covered": 70.0, "percent_covered_display": "70", "missing_lines": 3, "excluded_lines": 0, "percent_statements_covered": 70.0, "percent_statements_covered_display": "70"}, "missing_lines": [505, 509, 511], "excluded_lines": []}, "RegimeDetector._generate_description": {"executed_lines": [531, 539, 541, 542, 544, 545, 547], "summary": {"covered_lines": 7, "num_statements": 7, "percent_covered": 100.0, "percent_covered_display": "100", "missing_lines": 0, "excluded_lines": 0, "percent_statements_covered": 100.0, "percent_statements_covered_display": "100"}, "missing_lines": [], "excluded_lines": []}, "RegimeDetector.reset_state": {"executed_lines": [551], "summary": {"covered_lines": 1, "num_statements": 1, "percent_covered": 100.0, "percent_covered_display": "100", "missing_lines": 0, "excluded_lines": 0, "percent_statements_covered": 100.0, "percent_statements_covered_display": "100"}, "missing_lines": [], "excluded_lines": []}, "": {"executed_lines": [1, 8, 10, 11, 12, 14, 16, 20, 21, 23, 24, 25, 26, 27, 30, 31, 32, 45, 46, 47, 48, 49, 50, 51, 52, 54, 59, 60, 64, 65, 69, 70, 78, 95, 96, 97, 107, 108, 109, 110, 111, 113, 136, 137, 151, 152, 162, 184, 246, 310, 335, 358, 390, 408, 448, 481, 513, 549], "summary": {"covered_lines": 52, "num_statements": 52, "percent_covered": 100.0, "percent_covered_display": "100", "missing_lines": 0, "excluded_lines": 2, "percent_statements_covered": 100.0, "percent_statements_covered_display": "100"}, "missing_lines": [], "excluded_lines": [16, 17]}}, "classes": {"RegimeType": {"executed_lines": [], "summary": {"covered_lines": 0, "num_statements": 0, "percent_covered": 100.0, "percent_covered_display": "100", "missing_lines": 0, "excluded_lines": 0, "percent_statements_covered": 100.0, "percent_statements_covered_display": "100"}, "missing_lines": [], "excluded_lines": []}, "MarketRegime": {"executed_lines": [56, 57, 62, 67, 72, 73, 74, 75, 76, 80], "summary": {"covered_lines": 10, "num_statements": 10, "percent_covered": 100.0, "percent_covered_display": "100", "missing_lines": 0, "excluded_lines": 0, "percent_statements_covered": 100.0, "percent_statements_covered_display": "100"}, "missing_lines": [], "excluded_lines": []}, "RegimeState": {"executed_lines": [121, 122, 123, 125, 126, 127, 130, 131, 139, 142, 143, 144, 145, 147, 148], "summary": {"covered_lines": 15, "num_statements": 19, "percent_covered": 78.94736842105263, "percent_covered_display": "79", "missing_lines": 4, "excluded_lines": 0, "percent_statements_covered": 78.94736842105263, "percent_statements_covered_display": "79"}, "missing_lines": [132, 133, 134, 140], "excluded_lines": []}, "RegimeDetector": {"executed_lines": [177, 178, 179, 180, 182, 198, 199, 207, 210, 213, 216, 219, 222, 225, 228, 231, 235, 255, 259, 260, 261, 262, 263, 265, 266, 269, 270, 272, 273, 274, 276, 277, 279, 280, 283, 286, 289, 293, 297, 298, 301, 308, 320, 323, 327, 330, 333, 344, 347, 349, 353, 354, 356, 373, 374, 375, 376, 377, 378, 380, 384, 385, 386, 387, 388, 399, 400, 402, 403, 406, 423, 424, 432, 434, 435, 436, 437, 441, 443, 465, 467, 468, 470, 476, 479, 487, 488, 491, 492, 493, 496, 504, 531, 539, 541, 542, 544, 545, 547, 551], "summary": {"covered_lines": 100, "num_statements": 116, "percent_covered": 86.20689655172414, "percent_covered_display": "86", "missing_lines": 16, "excluded_lines": 0, "percent_statements_covered": 86.20689655172414, "percent_statements_covered_display": "86"}, "missing_lines": [256, 294, 321, 324, 331, 345, 350, 382, 430, 440, 446, 473, 477, 505, 509, 511], "excluded_lines": []}, "": {"executed_lines": [1, 8, 10, 11, 12, 14, 16, 20, 21, 23, 24, 25, 26, 27, 30, 31, 32, 45, 46, 47, 48, 49, 50, 51, 52, 54, 59, 60, 64, 65, 69, 70, 78, 95, 96, 97, 107, 108, 109, 110, 111, 113, 136, 137, 151, 152, 162, 184, 246, 310, 335, 358, 390, 408, 448, 481, 513, 549], "summary": {"covered_lines": 52, "num_statements": 52, "percent_covered": 100.0, "percent_covered_display": "100", "missing_lines": 0, "excluded_lines": 2, "percent_statements_covered": 100.0, "percent_statements_covered_display": "100"}, "missing_lines": [], "excluded_lines": [16, 17]}}}, "src/dashboard/risk_exposure_panel.py": {"executed_lines": [1, 11, 13, 14, 15, 17, 19, 24, 40, 42, 45, 46, 47, 50, 51, 54, 59, 62, 65, 68, 71, 74, 77, 81, 84, 90, 92, 94, 95, 101, 102, 108, 109, 115, 116, 117, 120, 127, 133, 135, 136, 139, 140, 141, 142, 145, 149, 150, 153, 155, 157, 160, 176, 177, 178, 179, 182, 188, 190, 191, 192, 195, 197, 198, 201, 203, 213, 219, 220, 227, 230, 236, 238, 239, 240, 242, 244, 245, 246, 257, 275, 281, 283, 284, 285, 287, 290, 291, 292, 293, 297, 310, 311, 314, 315, 317, 318, 320, 321, 323, 324, 327, 340, 342, 344, 345, 347, 348, 349, 351, 352, 355, 356, 358, 359, 361, 362, 364, 367, 377, 379, 380, 381, 383, 384, 387, 389, 390, 391, 400, 406, 407, 414, 415, 416, 418], "summary": {"covered_lines": 134, "num_statements": 148, "percent_covered": 90.54054054054055, "percent_covered_display": "91", "missing_lines": 14, "excluded_lines": 3, "percent_statements_covered": 90.54054054054055, "percent_statements_covered_display": "91"}, "missing_lines": [55, 56, 143, 144, 146, 147, 247, 248, 249, 250, 251, 252, 254, 255], "excluded_lines": [19, 20, 21], "functions": {"render_risk_exposure_panel": {"executed_lines": [40, 42, 45, 46, 47, 50, 51, 54, 59, 62, 65, 68, 71, 74, 77, 81], "summary": {"covered_lines": 16, "num_statements": 18, "percent_covered": 88.88888888888889, "percent_covered_display": "89", "missing_lines": 2, "excluded_lines": 0, "percent_statements_covered": 88.88888888888889, "percent_statements_covered_display": "89"}, "missing_lines": [55, 56], "excluded_lines": []}, "_render_summary_metrics": {"executed_lines": [90, 92, 94, 95, 101, 102, 108, 109, 115, 116, 117, 120], "summary": {"covered_lines": 12, "num_statements": 12, "percent_covered": 100.0, "percent_covered_display": "100", "missing_lines": 0, "excluded_lines": 0, "percent_statements_covered": 100.0, "percent_statements_covered_display": "100"}, "missing_lines": [], "excluded_lines": []}, "_render_margin_gauge": {"executed_lines": [133, 135, 136, 139, 140, 141, 142, 145, 149, 150, 153, 155, 157, 160, 176, 177, 178, 179], "summary": {"covered_lines": 18, "num_statements": 22, "percent_covered": 81.81818181818181, "percent_covered_display": "82", "missing_lines": 4, "excluded_lines": 0, "percent_statements_covered": 81.81818181818181, "percent_statements_covered_display": "82"}, "missing_lines": [143, 144, 146, 147], "excluded_lines": []}, "_render_heat_map": {"executed_lines": [188, 190, 191, 192, 195, 197, 198, 201, 203, 213, 219, 220, 227], "summary": {"covered_lines": 13, "num_statements": 13, "percent_covered": 100.0, "percent_covered_display": "100", "missing_lines": 0, "excluded_lines": 0, "percent_statements_covered": 100.0, "percent_statements_covered_display": "100"}, "missing_lines": [], "excluded_lines": []}, "_render_alerts": {"executed_lines": [236, 238, 239, 240, 242, 244, 245, 246, 257], "summary": {"covered_lines": 9, "num_statements": 17, "percent_covered": 52.94117647058823, "percent_covered_display": "53", "missing_lines": 8, "excluded_lines": 0, "percent_statements_covered": 52.94117647058823, "percent_statements_covered_display": "53"}, "missing_lines": [247, 248, 249, 250, 251, 252, 254, 255], "excluded_lines": []}, "_render_exposure_table": {"executed_lines": [281, 283, 284, 285, 287, 290, 291, 292, 293, 297, 310, 311, 314, 315, 317, 318, 320, 321, 323, 324], "summary": {"covered_lines": 20, "num_statements": 20, "percent_covered": 100.0, "percent_covered_display": "100", "missing_lines": 0, "excluded_lines": 0, "percent_statements_covered": 100.0, "percent_statements_covered_display": "100"}, "missing_lines": [], "excluded_lines": []}, "_render_report_section": {"executed_lines": [340, 342, 344, 345, 347, 348, 349, 351, 352, 355, 356, 358, 359, 361, 362, 364], "summary": {"covered_lines": 16, "num_statements": 16, "percent_covered": 100.0, "percent_covered_display": "100", "missing_lines": 0, "excluded_lines": 0, "percent_statements_covered": 100.0, "percent_statements_covered_display": "100"}, "missing_lines": [], "excluded_lines": []}, "render_risk_metrics_mini": {"executed_lines": [377, 379, 380, 381, 383, 384, 387, 389, 390, 391, 400, 406, 407, 414, 415, 416, 418], "summary": {"covered_lines": 17, "num_statements": 17, "percent_covered": 100.0, "percent_covered_display": "100", "missing_lines": 0, "excluded_lines": 0, "percent_statements_covered": 100.0, "percent_statements_covered_display": "100"}, "missing_lines": [], "excluded_lines": []}, "": {"executed_lines": [1, 11, 13, 14, 15, 17, 19, 24, 84, 127, 182, 230, 275, 327, 367], "summary": {"covered_lines": 13, "num_statements": 13, "percent_covered": 100.0, "percent_covered_display": "100", "missing_lines": 0, "excluded_lines": 3, "percent_statements_covered": 100.0, "percent_statements_covered_display": "100"}, "missing_lines": [], "excluded_lines": [19, 20, 21]}}, "classes": {"": {"executed_lines": [1, 11, 13, 14, 15, 17, 19, 24, 40, 42, 45, 46, 47, 50, 51, 54, 59, 62, 65, 68, 71, 74, 77, 81, 84, 90, 92, 94, 95, 101, 102, 108, 109, 115, 116, 117, 120, 127, 133, 135, 136, 139, 140, 141, 142, 145, 149, 150, 153, 155, 157, 160, 176, 177, 178, 179, 182, 188, 190, 191, 192, 195, 197, 198, 201, 203, 213, 219, 220, 227, 230, 236, 238, 239, 240, 242, 244, 245, 246, 257, 275, 281, 283, 284, 285, 287, 290, 291, 292, 293, 297, 310, 311, 314, 315, 317, 318, 320, 321, 323, 324, 327, 340, 342, 344, 345, 347, 348, 349, 351, 352, 355, 356, 358, 359, 361, 362, 364, 367, 377, 379, 380, 381, 383, 384, 387, 389, 390, 391, 400, 406, 407, 414, 415, 416, 418], "summary": {"covered_lines": 134, "num_statements": 148, "percent_covered": 90.54054054054055, "percent_covered_display": "91", "missing_lines": 14, "excluded_lines": 3, "percent_statements_covered": 90.54054054054055, "percent_statements_covered_display": "91"}, "missing_lines": [55, 56, 143, 144, 146, 147, 247, 248, 249, 250, 251, 252, 254, 255], "excluded_lines": [19, 20, 21]}}}, "src/dashboard/signal_detail.py": {"executed_lines": [1, 8, 10, 11, 13, 20, 21, 22, 35, 36, 37, 38, 39, 40, 41, 42, 44, 46, 47, 48, 49, 51, 53, 65, 66, 67, 79, 80, 81, 82, 83, 84, 85, 87, 88, 90, 92, 93, 95, 96, 97, 98, 99, 105, 107, 120, 121, 122, 135, 136, 137, 138, 139, 140, 141, 142, 144, 146, 147, 148, 149, 150, 151, 153, 154, 156, 158, 159, 161, 163, 164, 166, 168, 170, 187, 188, 189, 200, 201, 202, 203, 204, 205, 207, 209, 210, 211, 212, 213, 215, 216, 218, 220, 221, 223, 225, 227, 239, 240, 241, 252, 253, 254, 255, 256, 257, 259, 261, 262, 263, 265, 267, 279, 280, 281, 292, 293, 294, 295, 296, 297, 299, 301, 302, 303, 304, 305, 306, 308, 309, 311, 313, 315, 326, 327, 328, 339, 340, 341, 342, 343, 344, 346, 348, 349, 350, 351, 352, 354, 355, 357, 359, 360, 362, 364, 366, 378, 379, 380, 399, 400, 401, 402, 403, 404, 405, 406, 407, 408, 409, 410, 411, 412, 414, 416, 417, 418, 420, 421, 423, 425, 426, 428, 430, 431, 433, 434, 435, 436, 438, 440, 442, 460, 462, 483, 486, 487, 498, 499, 500, 501, 503, 520, 521, 522, 523, 526, 530, 539, 541, 562, 565, 568, 573, 579, 584, 588, 605, 614, 615, 618, 619, 622, 623, 624, 634, 637, 640, 641, 643, 644, 645, 646, 647, 650, 652, 655, 658, 660, 669, 672, 673, 675, 686, 695, 698, 699, 702, 703, 708, 709, 711, 712, 713, 715, 716, 717, 718, 719, 721, 723, 726, 728, 730, 733, 742, 762, 765, 766, 767, 770, 771, 777, 778, 781, 782, 790, 791, 792, 793, 796, 797, 806, 807, 808, 812, 818, 838, 841, 843, 849, 850, 852, 861, 902, 920, 921, 922, 925, 926, 927, 928, 929, 932, 939, 945, 946, 949, 951, 960, 976], "summary": {"covered_lines": 300, "num_statements": 324, "percent_covered": 92.5925925925926, "percent_covered_display": "93", "missing_lines": 24, "excluded_lines": 5, "percent_statements_covered": 92.5925925925926, "percent_statements_covered_display": "93"}, "missing_lines": [100, 101, 103, 527, 528, 529, 531, 535, 574, 651, 653, 700, 722, 724, 729, 731, 795, 810, 845, 846, 880, 881, 884, 893], "excluded_lines": [13, 14, 15, 16, 17], "functions": {"IndicatorContribution.__post_init__": {"executed_lines": [46, 47, 48, 49], "summary": {"covered_lines": 4, "num_statements": 4, "percent_covered": 100.0, "percent_covered_display": "100", "missing_lines": 0, "excluded_lines": 0, "percent_statements_covered": 100.0, "percent_statements_covered_display": "100"}, "missing_lines": [], "excluded_lines": []}, "IndicatorContribution.to_dict": {"executed_lines": [53], "summary": {"covered_lines": 1, "num_statements": 1, "percent_covered": 100.0, "percent_covered_display": "100", "missing_lines": 0, "excluded_lines": 0, "percent_statements_covered": 100.0, "percent_statements_covered_display": "100"}, "missing_lines": [], "excluded_lines": []}, "TimeframeAgreement.total_weight": {"executed_lines": [90], "summary": {"covered_lines": 1, "num_statements": 1, "percent_covered": 100.0, "percent_covered_display": "100", "missing_lines": 0, "excluded_lines": 0, "percent_statements_covered": 100.0, "percent_statements_covered_display": "100"}, "missing_lines": [], "excluded_lines": []}, "TimeframeAgreement.agreement_ratio": {"executed_lines": [95, 96, 97, 98, 99], "summary": {"covered_lines": 5, "num_statements": 8, "percent_covered": 62.5, "percent_covered_display": "62", "missing_lines": 3, "excluded_lines": 0, "percent_statements_covered": 62.5, "percent_statements_covered_display": "62"}, "missing_lines": [100, 101, 103], "excluded_lines": []}, "TimeframeAgreement.to_dict": {"executed_lines": [107], "summary": {"covered_lines": 1, "num_statements": 1, "percent_covered": 100.0, "percent_covered_display": "100", "missing_lines": 0, "excluded_lines": 0, "percent_statements_covered": 100.0, "percent_statements_covered_display": "100"}, "missing_lines": [], "excluded_lines": []}, "ConfluenceBreakdown.__post_init__": {"executed_lines": [146, 147, 148, 149, 150, 151], "summary": {"covered_lines": 6, "num_statements": 6, "percent_covered": 100.0, "percent_covered_display": "100", "missing_lines": 0, "excluded_lines": 0, "percent_statements_covered": 100.0, "percent_statements_covered_display": "100"}, "missing_lines": [], "excluded_lines": []}, "ConfluenceBreakdown.total_contributing_indicators": {"executed_lines": [156], "summary": {"covered_lines": 1, "num_statements": 1, "percent_covered": 100.0, "percent_covered_display": "100", "missing_lines": 0, "excluded_lines": 0, "percent_statements_covered": 100.0, "percent_statements_covered_display": "100"}, "missing_lines": [], "excluded_lines": []}, "ConfluenceBreakdown.unique_timeframes": {"executed_lines": [161], "summary": {"covered_lines": 1, "num_statements": 1, "percent_covered": 100.0, "percent_covered_display": "100", "missing_lines": 0, "excluded_lines": 0, "percent_statements_covered": 100.0, "percent_statements_covered_display": "100"}, "missing_lines": [], "excluded_lines": []}, "ConfluenceBreakdown.unique_indicator_types": {"executed_lines": [166], "summary": {"covered_lines": 1, "num_statements": 1, "percent_covered": 100.0, "percent_covered_display": "100", "missing_lines": 0, "excluded_lines": 0, "percent_statements_covered": 100.0, "percent_statements_covered_display": "100"}, "missing_lines": [], "excluded_lines": []}, "ConfluenceBreakdown.to_dict": {"executed_lines": [170], "summary": {"covered_lines": 1, "num_statements": 1, "percent_covered": 100.0, "percent_covered_display": "100", "missing_lines": 0, "excluded_lines": 0, "percent_statements_covered": 100.0, "percent_statements_covered_display": "100"}, "missing_lines": [], "excluded_lines": []}, "ConfidenceMultiplierInfo.__post_init__": {"executed_lines": [209, 210, 211, 212, 213], "summary": {"covered_lines": 5, "num_statements": 5, "percent_covered": 100.0, "percent_covered_display": "100", "missing_lines": 0, "excluded_lines": 0, "percent_statements_covered": 100.0, "percent_statements_covered_display": "100"}, "missing_lines": [], "excluded_lines": []}, "ConfidenceMultiplierInfo.was_applied": {"executed_lines": [218], "summary": {"covered_lines": 1, "num_statements": 1, "percent_covered": 100.0, "percent_covered_display": "100", "missing_lines": 0, "excluded_lines": 0, "percent_statements_covered": 100.0, "percent_statements_covered_display": "100"}, "missing_lines": [], "excluded_lines": []}, "ConfidenceMultiplierInfo.confidence_boost_percent": {"executed_lines": [223], "summary": {"covered_lines": 1, "num_statements": 1, "percent_covered": 100.0, "percent_covered_display": "100", "missing_lines": 0, "excluded_lines": 0, "percent_statements_covered": 100.0, "percent_statements_covered_display": "100"}, "missing_lines": [], "excluded_lines": []}, "ConfidenceMultiplierInfo.to_dict": {"executed_lines": [227], "summary": {"covered_lines": 1, "num_statements": 1, "percent_covered": 100.0, "percent_covered_display": "100", "missing_lines": 0, "excluded_lines": 0, "percent_statements_covered": 100.0, "percent_statements_covered_display": "100"}, "missing_lines": [], "excluded_lines": []}, "StopLossInfo.__post_init__": {"executed_lines": [261, 262, 263], "summary": {"covered_lines": 3, "num_statements": 3, "percent_covered": 100.0, "percent_covered_display": "100", "missing_lines": 0, "excluded_lines": 0, "percent_statements_covered": 100.0, "percent_statements_covered_display": "100"}, "missing_lines": [], "excluded_lines": []}, "StopLossInfo.to_dict": {"executed_lines": [267], "summary": {"covered_lines": 1, "num_statements": 1, "percent_covered": 100.0, "percent_covered_display": "100", "missing_lines": 0, "excluded_lines": 0, "percent_statements_covered": 100.0, "percent_statements_covered_display": "100"}, "missing_lines": [], "excluded_lines": []}, "PositionSizeInfo.__post_init__": {"executed_lines": [301, 302, 303, 304, 305, 306], "summary": {"covered_lines": 6, "num_statements": 6, "percent_covered": 100.0, "percent_covered_display": "100", "missing_lines": 0, "excluded_lines": 0, "percent_statements_covered": 100.0, "percent_statements_covered_display": "100"}, "missing_lines": [], "excluded_lines": []}, "PositionSizeInfo.margin_required_usd": {"executed_lines": [311], "summary": {"covered_lines": 1, "num_statements": 1, "percent_covered": 100.0, "percent_covered_display": "100", "missing_lines": 0, "excluded_lines": 0, "percent_statements_covered": 100.0, "percent_statements_covered_display": "100"}, "missing_lines": [], "excluded_lines": []}, "PositionSizeInfo.to_dict": {"executed_lines": [315], "summary": {"covered_lines": 1, "num_statements": 1, "percent_covered": 100.0, "percent_covered_display": "100", "missing_lines": 0, "excluded_lines": 0, "percent_statements_covered": 100.0, "percent_statements_covered_display": "100"}, "missing_lines": [], "excluded_lines": []}, "RiskRewardInfo.__post_init__": {"executed_lines": [348, 349, 350, 351, 352], "summary": {"covered_lines": 5, "num_statements": 5, "percent_covered": 100.0, "percent_covered_display": "100", "missing_lines": 0, "excluded_lines": 0, "percent_statements_covered": 100.0, "percent_statements_covered_display": "100"}, "missing_lines": [], "excluded_lines": []}, "RiskRewardInfo.is_favorable": {"executed_lines": [357], "summary": {"covered_lines": 1, "num_statements": 1, "percent_covered": 100.0, "percent_covered_display": "100", "missing_lines": 0, "excluded_lines": 0, "percent_statements_covered": 100.0, "percent_statements_covered_display": "100"}, "missing_lines": [], "excluded_lines": []}, "RiskRewardInfo.ratio_text": {"executed_lines": [362], "summary": {"covered_lines": 1, "num_statements": 1, "percent_covered": 100.0, "percent_covered_display": "100", "missing_lines": 0, "excluded_lines": 0, "percent_statements_covered": 100.0, "percent_statements_covered_display": "100"}, "missing_lines": [], "excluded_lines": []}, "RiskRewardInfo.to_dict": {"executed_lines": [366], "summary": {"covered_lines": 1, "num_statements": 1, "percent_covered": 100.0, "percent_covered_display": "100", "missing_lines": 0, "excluded_lines": 0, "percent_statements_covered": 100.0, "percent_statements_covered_display": "100"}, "missing_lines": [], "excluded_lines": []}, "SignalDetail.__post_init__": {"executed_lines": [416, 417, 418], "summary": {"covered_lines": 3, "num_statements": 3, "percent_covered": 100.0, "percent_covered_display": "100", "missing_lines": 0, "excluded_lines": 0, "percent_statements_covered": 100.0, "percent_statements_covered_display": "100"}, "missing_lines": [], "excluded_lines": []}, "SignalDetail.is_long": {"executed_lines": [423], "summary": {"covered_lines": 1, "num_statements": 1, "percent_covered": 100.0, "percent_covered_display": "100", "missing_lines": 0, "excluded_lines": 0, "percent_statements_covered": 100.0, "percent_statements_covered_display": "100"}, "missing_lines": [], "excluded_lines": []}, "SignalDetail.is_short": {"executed_lines": [428], "summary": {"covered_lines": 1, "num_statements": 1, "percent_covered": 100.0, "percent_covered_display": "100", "missing_lines": 0, "excluded_lines": 0, "percent_statements_covered": 100.0, "percent_statements_covered_display": "100"}, "missing_lines": [], "excluded_lines": []}, "SignalDetail.emoji": {"executed_lines": [433, 434, 435, 436, 438], "summary": {"covered_lines": 5, "num_statements": 5, "percent_covered": 100.0, "percent_covered_display": "100", "missing_lines": 0, "excluded_lines": 0, "percent_statements_covered": 100.0, "percent_statements_covered_display": "100"}, "missing_lines": [], "excluded_lines": []}, "SignalDetail.to_dict": {"executed_lines": [442], "summary": {"covered_lines": 1, "num_statements": 1, "percent_covered": 100.0, "percent_covered_display": "100", "missing_lines": 0, "excluded_lines": 0, "percent_statements_covered": 100.0, "percent_statements_covered_display": "100"}, "missing_lines": [], "excluded_lines": []}, "SignalDetail.to_discord_message": {"executed_lines": [462, 483], "summary": {"covered_lines": 2, "num_statements": 2, "percent_covered": 100.0, "percent_covered_display": "100", "missing_lines": 0, "excluded_lines": 0, "percent_statements_covered": 100.0, "percent_statements_covered_display": "100"}, "missing_lines": [], "excluded_lines": []}, "SignalDetailBuilder.__init__": {"executed_lines": [520, 521, 522, 523, 526, 530, 539], "summary": {"covered_lines": 7, "num_statements": 12, "percent_covered": 58.333333333333336, "percent_covered_display": "58", "missing_lines": 5, "excluded_lines": 0, "percent_statements_covered": 58.333333333333336, "percent_statements_covered_display": "58"}, "missing_lines": [527, 528, 529, 531, 535], "excluded_lines": []}, "SignalDetailBuilder.build": {"executed_lines": [562, 565, 568, 573, 579, 584, 588], "summary": {"covered_lines": 7, "num_statements": 8, "percent_covered": 87.5, "percent_covered_display": "88", "missing_lines": 1, "excluded_lines": 0, "percent_statements_covered": 87.5, "percent_statements_covered_display": "88"}, "missing_lines": [574], "excluded_lines": []}, "SignalDetailBuilder._build_confluence_breakdown": {"executed_lines": [614, 615, 618, 619, 622, 623, 624, 634, 637, 640, 641, 643, 644, 645, 646, 647, 650, 652, 655, 658, 660, 669, 672, 673, 675], "summary": {"covered_lines": 25, "num_statements": 27, "percent_covered": 92.5925925925926, "percent_covered_display": "93", "missing_lines": 2, "excluded_lines": 0, "percent_statements_covered": 92.5925925925926, "percent_statements_covered_display": "93"}, "missing_lines": [651, 653], "excluded_lines": []}, "SignalDetailBuilder._build_confidence_multiplier": {"executed_lines": [695, 698, 699, 702, 703, 708, 709, 711, 712, 713, 715, 716, 717, 718, 719, 721, 723, 726, 728, 730, 733], "summary": {"covered_lines": 21, "num_statements": 26, "percent_covered": 80.76923076923077, "percent_covered_display": "81", "missing_lines": 5, "excluded_lines": 0, "percent_statements_covered": 80.76923076923077, "percent_statements_covered_display": "81"}, "missing_lines": [700, 722, 724, 729, 731], "excluded_lines": []}, "SignalDetailBuilder._calculate_stop_loss": {"executed_lines": [762, 765, 766, 767, 770, 771, 777, 778, 781, 782, 790, 791, 792, 793, 796, 797, 806, 807, 808, 812], "summary": {"covered_lines": 20, "num_statements": 22, "percent_covered": 90.9090909090909, "percent_covered_display": "91", "missing_lines": 2, "excluded_lines": 0, "percent_statements_covered": 90.9090909090909, "percent_statements_covered_display": "91"}, "missing_lines": [795, 810], "excluded_lines": []}, "SignalDetailBuilder._calculate_position_size": {"executed_lines": [838, 841, 843, 849, 850, 852], "summary": {"covered_lines": 6, "num_statements": 8, "percent_covered": 75.0, "percent_covered_display": "75", "missing_lines": 2, "excluded_lines": 0, "percent_statements_covered": 75.0, "percent_statements_covered_display": "75"}, "missing_lines": [845, 846], "excluded_lines": []}, "SignalDetailBuilder._calculate_position_size_with_integration": {"executed_lines": [], "summary": {"covered_lines": 0, "num_statements": 4, "percent_covered": 0.0, "percent_covered_display": "0", "missing_lines": 4, "excluded_lines": 0, "percent_statements_covered": 0.0, "percent_statements_covered_display": "0"}, "missing_lines": [880, 881, 884, 893], "excluded_lines": []}, "SignalDetailBuilder._calculate_risk_reward": {"executed_lines": [920, 921, 922, 925, 926, 927, 928, 929, 932, 939, 945, 946, 949, 951], "summary": {"covered_lines": 14, "num_statements": 14, "percent_covered": 100.0, "percent_covered_display": "100", "missing_lines": 0, "excluded_lines": 0, "percent_statements_covered": 100.0, "percent_statements_covered_display": "100"}, "missing_lines": [], "excluded_lines": []}, "SignalDetailBuilder.with_risk_params": {"executed_lines": [976], "summary": {"covered_lines": 1, "num_statements": 1, "percent_covered": 100.0, "percent_covered_display": "100", "missing_lines": 0, "excluded_lines": 0, "percent_statements_covered": 100.0, "percent_statements_covered_display": "100"}, "missing_lines": [], "excluded_lines": []}, "": {"executed_lines": [1, 8, 10, 11, 13, 20, 21, 22, 35, 36, 37, 38, 39, 40, 41, 42, 44, 51, 65, 66, 67, 79, 80, 81, 82, 83, 84, 85, 87, 88, 92, 93, 105, 120, 121, 122, 135, 136, 137, 138, 139, 140, 141, 142, 144, 153, 154, 158, 159, 163, 164, 168, 187, 188, 189, 200, 201, 202, 203, 204, 205, 207, 215, 216, 220, 221, 225, 239, 240, 241, 252, 253, 254, 255, 256, 257, 259, 265, 279, 280, 281, 292, 293, 294, 295, 296, 297, 299, 308, 309, 313, 326, 327, 328, 339, 340, 341, 342, 343, 344, 346, 354, 355, 359, 360, 364, 378, 379, 380, 399, 400, 401, 402, 403, 404, 405, 406, 407, 408, 409, 410, 411, 412, 414, 420, 421, 425, 426, 430, 431, 440, 460, 486, 487, 498, 499, 500, 501, 503, 541, 605, 686, 742, 818, 861, 902, 960], "summary": {"covered_lines": 136, "num_statements": 136, "percent_covered": 100.0, "percent_covered_display": "100", "missing_lines": 0, "excluded_lines": 5, "percent_statements_covered": 100.0, "percent_statements_covered_display": "100"}, "missing_lines": [], "excluded_lines": [13, 14, 15, 16, 17]}}, "classes": {"IndicatorContribution": {"executed_lines": [46, 47, 48, 49, 53], "summary": {"covered_lines": 5, "num_statements": 5, "percent_covered": 100.0, "percent_covered_display": "100", "missing_lines": 0, "excluded_lines": 0, "percent_statements_covered": 100.0, "percent_statements_covered_display": "100"}, "missing_lines": [], "excluded_lines": []}, "TimeframeAgreement": {"executed_lines": [90, 95, 96, 97, 98, 99, 107], "summary": {"covered_lines": 7, "num_statements": 10, "percent_covered": 70.0, "percent_covered_display": "70", "missing_lines": 3, "excluded_lines": 0, "percent_statements_covered": 70.0, "percent_statements_covered_display": "70"}, "missing_lines": [100, 101, 103], "excluded_lines": []}, "ConfluenceBreakdown": {"executed_lines": [146, 147, 148, 149, 150, 151, 156, 161, 166, 170], "summary": {"covered_lines": 10, "num_statements": 10, "percent_covered": 100.0, "percent_covered_display": "100", "missing_lines": 0, "excluded_lines": 0, "percent_statements_covered": 100.0, "percent_statements_covered_display": "100"}, "missing_lines": [], "excluded_lines": []}, "ConfidenceMultiplierInfo": {"executed_lines": [209, 210, 211, 212, 213, 218, 223, 227], "summary": {"covered_lines": 8, "num_statements": 8, "percent_covered": 100.0, "percent_covered_display": "100", "missing_lines": 0, "excluded_lines": 0, "percent_statements_covered": 100.0, "percent_statements_covered_display": "100"}, "missing_lines": [], "excluded_lines": []}, "StopLossInfo": {"executed_lines": [261, 262, 263, 267], "summary": {"covered_lines": 4, "num_statements": 4, "percent_covered": 100.0, "percent_covered_display": "100", "missing_lines": 0, "excluded_lines": 0, "percent_statements_covered": 100.0, "percent_statements_covered_display": "100"}, "missing_lines": [], "excluded_lines": []}, "PositionSizeInfo": {"executed_lines": [301, 302, 303, 304, 305, 306, 311, 315], "summary": {"covered_lines": 8, "num_statements": 8, "percent_covered": 100.0, "percent_covered_display": "100", "missing_lines": 0, "excluded_lines": 0, "percent_statements_covered": 100.0, "percent_statements_covered_display": "100"}, "missing_lines": [], "excluded_lines": []}, "RiskRewardInfo": {"executed_lines": [348, 349, 350, 351, 352, 357, 362, 366], "summary": {"covered_lines": 8, "num_statements": 8, "percent_covered": 100.0, "percent_covered_display": "100", "missing_lines": 0, "excluded_lines": 0, "percent_statements_covered": 100.0, "percent_statements_covered_display": "100"}, "missing_lines": [], "excluded_lines": []}, "SignalDetail": {"executed_lines": [416, 417, 418, 423, 428, 433, 434, 435, 436, 438, 442, 462, 483], "summary": {"covered_lines": 13, "num_statements": 13, "percent_covered": 100.0, "percent_covered_display": "100", "missing_lines": 0, "excluded_lines": 0, "percent_statements_covered": 100.0, "percent_statements_covered_display": "100"}, "missing_lines": [], "excluded_lines": []}, "SignalDetailBuilder": {"executed_lines": [520, 521, 522, 523, 526, 530, 539, 562, 565, 568, 573, 579, 584, 588, 614, 615, 618, 619, 622, 623, 624, 634, 637, 640, 641, 643, 644, 645, 646, 647, 650, 652, 655, 658, 660, 669, 672, 673, 675, 695, 698, 699, 702, 703, 708, 709, 711, 712, 713, 715, 716, 717, 718, 719, 721, 723, 726, 728, 730, 733, 762, 765, 766, 767, 770, 771, 777, 778, 781, 782, 790, 791, 792, 793, 796, 797, 806, 807, 808, 812, 838, 841, 843, 849, 850, 852, 920, 921, 922, 925, 926, 927, 928, 929, 932, 939, 945, 946, 949, 951, 976], "summary": {"covered_lines": 101, "num_statements": 122, "percent_covered": 82.78688524590164, "percent_covered_display": "83", "missing_lines": 21, "excluded_lines": 0, "percent_statements_covered": 82.78688524590164, "percent_statements_covered_display": "83"}, "missing_lines": [527, 528, 529, 531, 535, 574, 651, 653, 700, 722, 724, 729, 731, 795, 810, 845, 846, 880, 881, 884, 893], "excluded_lines": []}, "": {"executed_lines": [1, 8, 10, 11, 13, 20, 21, 22, 35, 36, 37, 38, 39, 40, 41, 42, 44, 51, 65, 66, 67, 79, 80, 81, 82, 83, 84, 85, 87, 88, 92, 93, 105, 120, 121, 122, 135, 136, 137, 138, 139, 140, 141, 142, 144, 153, 154, 158, 159, 163, 164, 168, 187, 188, 189, 200, 201, 202, 203, 204, 205, 207, 215, 216, 220, 221, 225, 239, 240, 241, 252, 253, 254, 255, 256, 257, 259, 265, 279, 280, 281, 292, 293, 294, 295, 296, 297, 299, 308, 309, 313, 326, 327, 328, 339, 340, 341, 342, 343, 344, 346, 354, 355, 359, 360, 364, 378, 379, 380, 399, 400, 401, 402, 403, 404, 405, 406, 407, 408, 409, 410, 411, 412, 414, 420, 421, 425, 426, 430, 431, 440, 460, 486, 487, 498, 499, 500, 501, 503, 541, 605, 686, 742, 818, 861, 902, 960], "summary": {"covered_lines": 136, "num_statements": 136, "percent_covered": 100.0, "percent_covered_display": "100", "missing_lines": 0, "excluded_lines": 5, "percent_statements_covered": 100.0, "percent_statements_covered_display": "100"}, "missing_lines": [], "excluded_lines": [13, 14, 15, 16, 17]}}}, "src
[...]
, 80], "excluded_lines": []}, "SignalEmitter.disable": {"executed_lines": [84, 85], "summary": {"covered_lines": 2, "num_statements": 2, "percent_covered": 100.0, "percent_covered_display": "100", "missing_lines": 0, "excluded_lines": 0, "percent_statements_covered": 100.0, "percent_statements_covered_display": "100"}, "missing_lines": [], "excluded_lines": []}, "SignalEmitter.is_enabled": {"executed_lines": [], "summary": {"covered_lines": 0, "num_statements": 1, "percent_covered": 0.0, "percent_covered_display": "0", "missing_lines": 1, "excluded_lines": 0, "percent_statements_covered": 0.0, "percent_statements_covered_display": "0"}, "missing_lines": [90], "excluded_lines": []}, "DiscordEmitter.__init__": {"executed_lines": [117, 118, 119, 120, 123], "summary": {"covered_lines": 5, "num_statements": 5, "percent_covered": 100.0, "percent_covered_display": "100", "missing_lines": 0, "excluded_lines": 0, "percent_statements_covered": 100.0, "percent_statements_covered_display": "100"}, "missing_lines": [], "excluded_lines": []}, "DiscordEmitter._get_webhook_from_env": {"executed_lines": [127, 129], "summary": {"covered_lines": 2, "num_statements": 2, "percent_covered": 100.0, "percent_covered_display": "100", "missing_lines": 0, "excluded_lines": 0, "percent_statements_covered": 100.0, "percent_statements_covered_display": "100"}, "missing_lines": [], "excluded_lines": []}, "DiscordEmitter._check_rate_limit": {"executed_lines": [140, 142, 143, 146, 147, 150, 152], "summary": {"covered_lines": 7, "num_statements": 7, "percent_covered": 100.0, "percent_covered_display": "100", "missing_lines": 0, "excluded_lines": 0, "percent_statements_covered": 100.0, "percent_statements_covered_display": "100"}, "missing_lines": [], "excluded_lines": []}, "DiscordEmitter._record_signal": {"executed_lines": [160, 162, 164], "summary": {"covered_lines": 3, "num_statements": 4, "percent_covered": 75.0, "percent_covered_display": "75", "missing_lines": 1, "excluded_lines": 0, "percent_statements_covered": 75.0, "percent_statements_covered_display": "75"}, "missing_lines": [163], "excluded_lines": []}, "DiscordEmitter.emit": {"executed_lines": [175, 177, 179, 180, 187, 188, 196, 197, 208, 209, 219, 232, 233, 235, 237], "summary": {"covered_lines": 15, "num_statements": 19, "percent_covered": 78.94736842105263, "percent_covered_display": "79", "missing_lines": 4, "excluded_lines": 0, "percent_statements_covered": 78.94736842105263, "percent_statements_covered_display": "79"}, "missing_lines": [243, 244, 245, 246], "excluded_lines": []}, "DiscordEmitter.emit_batch": {"executed_lines": [262, 263, 264, 265, 266], "summary": {"covered_lines": 5, "num_statements": 5, "percent_covered": 100.0, "percent_covered_display": "100", "missing_lines": 0, "excluded_lines": 0, "percent_statements_covered": 100.0, "percent_statements_covered_display": "100"}, "missing_lines": [], "excluded_lines": []}, "DashboardEmitter.__init__": {"executed_lines": [282, 283], "summary": {"covered_lines": 2, "num_statements": 2, "percent_covered": 100.0, "percent_covered_display": "100", "missing_lines": 0, "excluded_lines": 0, "percent_statements_covered": 100.0, "percent_statements_covered_display": "100"}, "missing_lines": [], "excluded_lines": []}, "DashboardEmitter.emit": {"executed_lines": [294, 296, 298, 299, 313, 315, 317], "summary": {"covered_lines": 7, "num_statements": 7, "percent_covered": 100.0, "percent_covered_display": "100", "missing_lines": 0, "excluded_lines": 0, "percent_statements_covered": 100.0, "percent_statements_covered_display": "100"}, "missing_lines": [], "excluded_lines": []}, "DashboardEmitter.emit_batch": {"executed_lines": [], "summary": {"covered_lines": 0, "num_statements": 5, "percent_covered": 0.0, "percent_covered_display": "0", "missing_lines": 5, "excluded_lines": 0, "percent_statements_covered": 0.0, "percent_statements_covered_display": "0"}, "missing_lines": [332, 333, 334, 335, 336], "excluded_lines": []}, "CompositeEmitter.__init__": {"executed_lines": [351, 352], "summary": {"covered_lines": 2, "num_statements": 2, "percent_covered": 100.0, "percent_covered_display": "100", "missing_lines": 0, "excluded_lines": 0, "percent_statements_covered": 100.0, "percent_statements_covered_display": "100"}, "missing_lines": [], "excluded_lines": []}, "CompositeEmitter.add_emitter": {"executed_lines": [360], "summary": {"covered_lines": 1, "num_statements": 1, "percent_covered": 100.0, "percent_covered_display": "100", "missing_lines": 0, "excluded_lines": 0, "percent_statements_covered": 100.0, "percent_statements_covered_display": "100"}, "missing_lines": [], "excluded_lines": []}, "CompositeEmitter.emit": {"executed_lines": [371, 372, 378, 379], "summary": {"covered_lines": 4, "num_statements": 4, "percent_covered": 100.0, "percent_covered_display": "100", "missing_lines": 0, "excluded_lines": 0, "percent_statements_covered": 100.0, "percent_statements_covered_display": "100"}, "missing_lines": [], "excluded_lines": []}, "CompositeEmitter.emit_batch": {"executed_lines": [398, 400, 401, 402, 403, 404, 405, 417, 418, 419, 421, 430], "summary": {"covered_lines": 12, "num_statements": 15, "percent_covered": 80.0, "percent_covered_display": "80", "missing_lines": 3, "excluded_lines": 0, "percent_statements_covered": 80.0, "percent_statements_covered_display": "80"}, "missing_lines": [406, 407, 408], "excluded_lines": []}, "": {"executed_lines": [1, 7, 9, 10, 11, 12, 14, 17, 20, 21, 22, 31, 32, 33, 34, 37, 38, 44, 53, 54, 65, 66, 77, 82, 87, 88, 93, 94, 102, 104, 125, 131, 154, 166, 253, 269, 270, 276, 285, 323, 339, 340, 345, 354, 362, 389], "summary": {"covered_lines": 39, "num_statements": 39, "percent_covered": 100.0, "percent_covered_display": "100", "missing_lines": 0, "excluded_lines": 2, "percent_statements_covered": 100.0, "percent_statements_covered_display": "100"}, "missing_lines": [], "excluded_lines": [14, 15]}}, "classes": {"EmissionResult": {"executed_lines": [], "summary": {"covered_lines": 0, "num_statements": 0, "percent_covered": 100.0, "percent_covered_display": "100", "missing_lines": 0, "excluded_lines": 0, "percent_statements_covered": 100.0, "percent_statements_covered_display": "100"}, "missing_lines": [], "excluded_lines": []}, "SignalEmitter": {"executed_lines": [50, 51, 84, 85], "summary": {"covered_lines": 4, "num_statements": 9, "percent_covered": 44.44444444444444, "percent_covered_display": "44", "missing_lines": 5, "excluded_lines": 0, "percent_statements_covered": 44.44444444444444, "percent_statements_covered_display": "44"}, "missing_lines": [63, 75, 79, 80, 90], "excluded_lines": []}, "DiscordEmitter": {"executed_lines": [117, 118, 119, 120, 123, 127, 129, 140, 142, 143, 146, 147, 150, 152, 160, 162, 164, 175, 177, 179, 180, 187, 188, 196, 197, 208, 209, 219, 232, 233, 235, 237, 262, 263, 264, 265, 266], "summary": {"covered_lines": 37, "num_statements": 42, "percent_covered": 88.0952380952381, "percent_covered_display": "88", "missing_lines": 5, "excluded_lines": 0, "percent_statements_covered": 88.0952380952381, "percent_statements_covered_display": "88"}, "missing_lines": [163, 243, 244, 245, 246], "excluded_lines": []}, "DashboardEmitter": {"executed_lines": [282, 283, 294, 296, 298, 299, 313, 315, 317], "summary": {"covered_lines": 9, "num_statements": 14, "percent_covered": 64.28571428571429, "percent_covered_display": "64", "missing_lines": 5, "excluded_lines": 0, "percent_statements_covered": 64.28571428571429, "percent_statements_covered_display": "64"}, "missing_lines": [332, 333, 334, 335, 336], "excluded_lines": []}, "CompositeEmitter": {"executed_lines": [351, 352, 360, 371, 372, 378, 379, 398, 400, 401, 402, 403, 404, 405, 417, 418, 419, 421, 430], "summary": {"covered_lines": 19, "num_statements": 22, "percent_covered": 86.36363636363636, "percent_covered_display": "86", "missing_lines": 3, "excluded_lines": 0, "percent_statements_covered": 86.36363636363636, "percent_statements_covered_display": "86"}, "missing_lines": [406, 407, 408], "excluded_lines": []}, "": {"executed_lines": [1, 7, 9, 10, 11, 12, 14, 17, 20, 21, 22, 31, 32, 33, 34, 37, 38, 44, 53, 54, 65, 66, 77, 82, 87, 88, 93, 94, 102, 104, 125, 131, 154, 166, 253, 269, 270, 276, 285, 323, 339, 340, 345, 354, 362, 389], "summary": {"covered_lines": 39, "num_statements": 39, "percent_covered": 100.0, "percent_covered_display": "100", "missing_lines": 0, "excluded_lines": 2, "percent_statements_covered": 100.0, "percent_statements_covered_display": "100"}, "missing_lines": [], "excluded_lines": [14, 15]}}}, "src/signal_generation/signal_generator.py": {"executed_lines": [1, 8, 10, 11, 12, 13, 14, 16, 18, 26, 29, 30, 31, 44, 45, 46, 47, 48, 49, 50, 51, 54, 55, 61, 67, 68, 70, 81, 83, 96, 97, 98, 100, 101, 103, 105, 106, 108, 109, 111, 122, 123, 124, 126, 128, 129, 131, 137, 138, 144, 145, 147, 148, 150, 153, 154, 168, 183, 186, 187, 188, 191, 194, 196, 203, 211, 213, 214, 216, 219, 221, 231, 240, 241, 244, 245, 248, 250, 252, 253, 258, 260, 266, 268, 270, 279, 281, 286, 288, 317, 319, 322, 323, 324, 326, 327, 328, 333, 349, 351, 372, 373, 376, 379, 389, 407, 413, 416, 417, 419, 421, 422, 423, 424, 442, 446, 449, 455, 457, 483, 489, 495, 499, 517, 522, 524, 531, 532, 540, 541, 542, 543, 546, 552, 556, 562, 578, 580, 582, 583, 586, 588, 589, 593, 595], "summary": {"covered_lines": 140, "num_statements": 182, "percent_covered": 76.92307692307692, "percent_covered_display": "77", "missing_lines": 42, "excluded_lines": 7, "percent_statements_covered": 76.92307692307692, "percent_statements_covered_display": "77"}, "missing_lines": [205, 206, 208, 209, 223, 224, 226, 229, 267, 354, 355, 358, 359, 365, 366, 380, 381, 383, 384, 385, 386, 430, 431, 432, 439, 443, 450, 469, 471, 472, 473, 474, 475, 476, 477, 481, 497, 558, 559, 591, 600, 601], "excluded_lines": [18, 19, 20, 21, 22, 23, 24], "functions": {"SignalCache.__init__": {"executed_lines": [67, 68], "summary": {"covered_lines": 2, "num_statements": 2, "percent_covered": 100.0, "percent_covered_display": "100", "missing_lines": 0, "excluded_lines": 0, "percent_statements_covered": 100.0, "percent_statements_covered_display": "100"}, "missing_lines": [], "excluded_lines": []}, "SignalCache._make_key": {"executed_lines": [81], "summary": {"covered_lines": 1, "num_statements": 1, "percent_covered": 100.0, "percent_covered_display": "100", "missing_lines": 0, "excluded_lines": 0, "percent_statements_covered": 100.0, "percent_statements_covered_display": "100"}, "missing_lines": [], "excluded_lines": []}, "SignalCache.get": {"executed_lines": [96, 97, 98, 100, 101, 103, 105, 106, 108, 109], "summary": {"covered_lines": 10, "num_statements": 10, "percent_covered": 100.0, "percent_covered_display": "100", "missing_lines": 0, "excluded_lines": 0, "percent_statements_covered": 100.0, "percent_statements_covered_display": "100"}, "missing_lines": [], "excluded_lines": []}, "SignalCache.set": {"executed_lines": [122, 123, 124], "summary": {"covered_lines": 3, "num_statements": 3, "percent_covered": 100.0, "percent_covered_display": "100", "missing_lines": 0, "excluded_lines": 0, "percent_statements_covered": 100.0, "percent_statements_covered_display": "100"}, "missing_lines": [], "excluded_lines": []}, "SignalCache.clear": {"executed_lines": [128, 129], "summary": {"covered_lines": 2, "num_statements": 2, "percent_covered": 100.0, "percent_covered_display": "100", "missing_lines": 0, "excluded_lines": 0, "percent_statements_covered": 100.0, "percent_statements_covered_display": "100"}, "missing_lines": [], "excluded_lines": []}, "SignalCache.cleanup_expired": {"executed_lines": [137, 138, 144, 145, 147, 148, 150], "summary": {"covered_lines": 7, "num_statements": 7, "percent_covered": 100.0, "percent_covered_display": "100", "missing_lines": 0, "excluded_lines": 0, "percent_statements_covered": 100.0, "percent_statements_covered_display": "100"}, "missing_lines": [], "excluded_lines": []}, "SignalGenerator.__init__": {"executed_lines": [183, 186, 187, 188, 191, 194, 196], "summary": {"covered_lines": 7, "num_statements": 7, "percent_covered": 100.0, "percent_covered_display": "100", "missing_lines": 0, "excluded_lines": 0, "percent_statements_covered": 100.0, "percent_statements_covered_display": "100"}, "missing_lines": [], "excluded_lines": []}, "SignalGenerator._get_scorer": {"executed_lines": [], "summary": {"covered_lines": 0, "num_statements": 4, "percent_covered": 0.0, "percent_covered_display": "0", "missing_lines": 4, "excluded_lines": 0, "percent_statements_covered": 0.0, "percent_statements_covered_display": "0"}, "missing_lines": [205, 206, 208, 209], "excluded_lines": []}, "SignalGenerator._get_confidence_filter": {"executed_lines": [213, 214, 216, 219], "summary": {"covered_lines": 4, "num_statements": 4, "percent_covered": 100.0, "percent_covered_display": "100", "missing_lines": 0, "excluded_lines": 0, "percent_statements_covered": 100.0, "percent_statements_covered_display": "100"}, "missing_lines": [], "excluded_lines": []}, "SignalGenerator._get_freshness_checker": {"executed_lines": [], "summary": {"covered_lines": 0, "num_statements": 4, "percent_covered": 0.0, "percent_covered_display": "0", "missing_lines": 4, "excluded_lines": 0, "percent_statements_covered": 0.0, "percent_statements_covered_display": "0"}, "missing_lines": [223, 224, 226, 229], "excluded_lines": []}, "SignalGenerator._check_rate_limit": {"executed_lines": [240, 241, 244, 245, 248, 250, 252, 253, 258], "summary": {"covered_lines": 9, "num_statements": 9, "percent_covered": 100.0, "percent_covered_display": "100", "missing_lines": 0, "excluded_lines": 0, "percent_statements_covered": 100.0, "percent_statements_covered_display": "100"}, "missing_lines": [], "excluded_lines": []}, "SignalGenerator._record_signal": {"executed_lines": [266, 268], "summary": {"covered_lines": 2, "num_statements": 3, "percent_covered": 66.66666666666667, "percent_covered_display": "67", "missing_lines": 1, "excluded_lines": 0, "percent_statements_covered": 66.66666666666667, "percent_statements_covered_display": "67"}, "missing_lines": [267], "excluded_lines": []}, "SignalGenerator._map_direction": {"executed_lines": [279, 281, 286], "summary": {"covered_lines": 3, "num_statements": 3, "percent_covered": 100.0, "percent_covered_display": "100", "missing_lines": 0, "excluded_lines": 0, "percent_statements_covered": 100.0, "percent_statements_covered_display": "100"}, "missing_lines": [], "excluded_lines": []}, "SignalGenerator.generate_signal": {"executed_lines": [317, 319, 322, 323, 324, 326, 327, 328, 333, 349, 351, 372, 373, 376, 379, 389, 407, 413, 416, 417, 419, 421, 422, 423, 424, 442, 446, 449, 455], "summary": {"covered_lines": 29, "num_statements": 47, "percent_covered": 61.702127659574465, "percent_covered_display": "62", "missing_lines": 18, "excluded_lines": 0, "percent_statements_covered": 61.702127659574465, "percent_statements_covered_display": "62"}, "missing_lines": [354, 355, 358, 359, 365, 366, 380, 381, 383, 384, 385, 386, 430, 431, 432, 439, 443, 450], "excluded_lines": []}, "SignalGenerator.generate_signals_batch": {"executed_lines": [], "summary": {"covered_lines": 0, "num_statements": 9, "percent_covered": 0.0, "percent_covered_display": "0", "missing_lines": 9, "excluded_lines": 0, "percent_statements_covered": 0.0, "percent_statements_covered_display": "0"}, "missing_lines": [469, 471, 472, 473, 474, 475, 476, 477, 481], "excluded_lines": []}, "SignalGenerator.get_cache_stats": {"executed_lines": [489], "summary": {"covered_lines": 1, "num_statements": 1, "percent_covered": 100.0, "percent_covered_display": "100", "missing_lines": 0, "excluded_lines": 0, "percent_statements_covered": 100.0, "percent_statements_covered_display": "100"}, "missing_lines": [], "excluded_lines": []}, "SignalGenerator.clear_cache": {"executed_lines": [], "summary": {"covered_lines": 0, "num_statements": 1, "percent_covered": 0.0, "percent_covered_display": "0", "missing_lines": 1, "excluded_lines": 0, "percent_statements_covered": 0.0, "percent_statements_covered_display": "0"}, "missing_lines": [497], "excluded_lines": []}, "SignalGenerator._calculate_stop_loss": {"executed_lines": [517, 522, 524, 531, 532, 540, 541, 542, 543, 546, 552, 556], "summary": {"covered_lines": 12, "num_statements": 14, "percent_covered": 85.71428571428571, "percent_covered_display": "86", "missing_lines": 2, "excluded_lines": 0, "percent_statements_covered": 85.71428571428571, "percent_statements_covered_display": "86"}, "missing_lines": [558, 559], "excluded_lines": []}, "SignalGenerator._calculate_trailing_stop": {"executed_lines": [578, 580, 582, 583, 586, 588, 589, 593, 595], "summary": {"covered_lines": 9, "num_statements": 12, "percent_covered": 75.0, "percent_covered_display": "75", "missing_lines": 3, "excluded_lines": 0, "percent_statements_covered": 75.0, "percent_statements_covered_display": "75"}, "missing_lines": [591, 600, 601], "excluded_lines": []}, "": {"executed_lines": [1, 8, 10, 11, 12, 13, 14, 16, 18, 26, 29, 30, 31, 44, 45, 46, 47, 48, 49, 50, 51, 54, 55, 61, 70, 83, 111, 126, 131, 153, 154, 168, 203, 211, 221, 231, 260, 270, 288, 457, 483, 495, 499, 562], "summary": {"covered_lines": 39, "num_statements": 39, "percent_covered": 100.0, "percent_covered_display": "100", "missing_lines": 0, "excluded_lines": 7, "percent_statements_covered": 100.0, "percent_statements_covered_display": "100"}, "missing_lines": [], "excluded_lines": [18, 19, 20, 21, 22, 23, 24]}}, "classes": {"SignalGenerationConfig": {"executed_lines": [], "summary": {"covered_lines": 0, "num_statements": 0, "percent_covered": 100.0, "percent_covered_display": "100", "missing_lines": 0, "excluded_lines": 0, "percent_statements_covered": 100.0, "percent_statements_covered_display": "100"}, "missing_lines": [], "excluded_lines": []}, "SignalCache": {"executed_lines": [67, 68, 81, 96, 97, 98, 100, 101, 103, 105, 106, 108, 109, 122, 123, 124, 128, 129, 137, 138, 144, 145, 147, 148, 150], "summary": {"covered_lines": 25, "num_statements": 25, "percent_covered": 100.0, "percent_covered_display": "100", "missing_lines": 0, "excluded_lines": 0, "percent_statements_covered": 100.0, "percent_statements_covered_display": "100"}, "missing_lines": [], "excluded_lines": []}, "SignalGenerator": {"executed_lines": [183, 186, 187, 188, 191, 194, 196, 213, 214, 216, 219, 240, 241, 244, 245, 248, 250, 252, 253, 258, 266, 268, 279, 281, 286, 317, 319, 322, 323, 324, 326, 327, 328, 333, 349, 351, 372, 373, 376, 379, 389, 407, 413, 416, 417, 419, 421, 422, 423, 424, 442, 446, 449, 455, 489, 517, 522, 524, 531, 532, 540, 541, 542, 543, 546, 552, 556, 578, 580, 582, 583, 586, 588, 589, 593, 595], "summary": {"covered_lines": 76, "num_statements": 118, "percent_covered": 64.40677966101696, "percent_covered_display": "64", "missing_lines": 42, "excluded_lines": 0, "percent_statements_covered": 64.40677966101696, "percent_statements_covered_display": "64"}, "missing_lines": [205, 206, 208, 209, 223, 224, 226, 229, 267, 354, 355, 358, 359, 365, 366, 380, 381, 383, 384, 385, 386, 430, 431, 432, 439, 443, 450, 469, 471, 472, 473, 474, 475, 476, 477, 481, 497, 558, 559, 591, 600, 601], "excluded_lines": []}, "": {"executed_lines": [1, 8, 10, 11, 12, 13, 14, 16, 18, 26, 29, 30, 31, 44, 45, 46, 47, 48, 49, 50, 51, 54, 55, 61, 70, 83, 111, 126, 131, 153, 154, 168, 203, 211, 221, 231, 260, 270, 288, 457, 483, 495, 499, 562], "summary": {"covered_lines": 39, "num_statements": 39, "percent_covered": 100.0, "percent_covered_display": "100", "missing_lines": 0, "excluded_lines": 7, "percent_statements_covered": 100.0, "percent_statements_covered_display": "100"}, "missing_lines": [], "excluded_lines": [18, 19, 20, 21, 22, 23, 24]}}}}, "totals": {"covered_lines": 6914, "num_statements": 7939, "percent_covered": 87.08905403703237, "percent_covered_display": "87", "missing_lines": 1025, "excluded_lines": 132, "percent_statements_covered": 87.08905403703237, "percent_statements_covered_display": "87"}}